Analysis & Synthesis report for lab6
Mon Jul 15 16:35:58 2019
Quartus Prime Version 17.0.2 Build 602 07/19/2017 SJ Lite Edition


---------------------
; Table of Contents ;
---------------------
  1. Legal Notice
  2. Analysis & Synthesis Summary
  3. Analysis & Synthesis Settings
  4. Parallel Compilation
  5. Analysis & Synthesis Source Files Read
  6. Analysis & Synthesis Resource Usage Summary
  7. Analysis & Synthesis Resource Utilization by Entity
  8. User-Specified and Inferred Latches
  9. General Register Statistics
 10. Multiplexer Restructuring Statistics (Restructuring Performed)
 11. Post-Synthesis Netlist Statistics for Top Partition
 12. Elapsed Time Per Partition
 13. Analysis & Synthesis Messages



----------------
; Legal Notice ;
----------------
Copyright (C) 2017  Intel Corporation. All rights reserved.
Your use of Intel Corporation's design tools, logic functions 
and other software and tools, and its AMPP partner logic 
functions, and any output files from any of the foregoing 
(including device programming or simulation files), and any 
associated documentation or information are expressly subject 
to the terms and conditions of the Intel Program License 
Subscription Agreement, the Intel Quartus Prime License Agreement,
the Intel MegaCore Function License Agreement, or other 
applicable license agreement, including, without limitation, 
that your use is for the sole purpose of programming logic 
devices manufactured by Intel and sold by Intel or its 
authorized distributors.  Please refer to the applicable 
agreement for further details.



+----------------------------------------------------------------------------------+
; Analysis & Synthesis Summary                                                     ;
+------------------------------------+---------------------------------------------+
; Analysis & Synthesis Status        ; Successful - Mon Jul 15 16:35:58 2019       ;
; Quartus Prime Version              ; 17.0.2 Build 602 07/19/2017 SJ Lite Edition ;
; Revision Name                      ; lab6                                        ;
; Top-level Entity Name              ; lab6                                        ;
; Family                             ; Cyclone IV E                                ;
; Total logic elements               ; 43                                          ;
;     Total combinational functions  ; 43                                          ;
;     Dedicated logic registers      ; 0                                           ;
; Total registers                    ; 0                                           ;
; Total pins                         ; 37                                          ;
; Total virtual pins                 ; 0                                           ;
; Total memory bits                  ; 0                                           ;
; Embedded Multiplier 9-bit elements ; 0                                           ;
; Total PLLs                         ; 0                                           ;
+------------------------------------+---------------------------------------------+


+----------------------------------------------------------------------------------------------------------------------+
; Analysis & Synthesis Settings                                                                                        ;
+----------------------------------------------------------------------------+--------------------+--------------------+
; Option                                                                     ; Setting            ; Default Value      ;
+----------------------------------------------------------------------------+--------------------+--------------------+
; Device                                                                     ; EP4CE115F29C7      ;                    ;
; Top-level entity name                                                      ; lab6               ; lab6               ;
; Family name                                                                ; Cyclone IV E       ; Cyclone V          ;
; Use smart compilation                                                      ; Off                ; Off                ;
; Enable parallel Assembler and TimeQuest Timing Analyzer during compilation ; On                 ; On                 ;
; Enable compact report table                                                ; Off                ; Off                ;
; Restructure Multiplexers                                                   ; Auto               ; Auto               ;
; Create Debugging Nodes for IP Cores                                        ; Off                ; Off                ;
; Preserve fewer node names                                                  ; On                 ; On                 ;
; OpenCore Plus hardware evaluation                                          ; Enable             ; Enable             ;
; Verilog Version                                                            ; Verilog_2001       ; Verilog_2001       ;
; VHDL Version                                                               ; VHDL_1993          ; VHDL_1993          ;
; State Machine Processing                                                   ; Auto               ; Auto               ;
; Safe State Machine                                                         ; Off                ; Off                ;
; Extract Verilog State Machines                                             ; On                 ; On                 ;
; Extract VHDL State Machines                                                ; On                 ; On                 ;
; Ignore Verilog initial constructs                                          ; Off                ; Off                ;
; Iteration limit for constant Verilog loops                                 ; 5000               ; 5000               ;
; Iteration limit for non-constant Verilog loops                             ; 250                ; 250                ;
; Add Pass-Through Logic to Inferred RAMs                                    ; On                 ; On                 ;
; Infer RAMs from Raw Logic                                                  ; On                 ; On                 ;
; Parallel Synthesis                                                         ; On                 ; On                 ;
; DSP Block Balancing                                                        ; Auto               ; Auto               ;
; NOT Gate Push-Back                                                         ; On                 ; On                 ;
; Power-Up Don't Care                                                        ; On                 ; On                 ;
; Remove Redundant Logic Cells                                               ; Off                ; Off                ;
; Remove Duplicate Registers                                                 ; On                 ; On                 ;
; Ignore CARRY Buffers                                                       ; Off                ; Off                ;
; Ignore CASCADE Buffers                                                     ; Off                ; Off                ;
; Ignore GLOBAL Buffers                                                      ; Off                ; Off                ;
; Ignore ROW GLOBAL Buffers                                                  ; Off                ; Off                ;
; Ignore LCELL Buffers                                                       ; Off                ; Off                ;
; Ignore SOFT Buffers                                                        ; On                 ; On                 ;
; Limit AHDL Integers to 32 Bits                                             ; Off                ; Off                ;
; Optimization Technique                                                     ; Balanced           ; Balanced           ;
; Carry Chain Length                                                         ; 70                 ; 70                 ;
; Auto Carry Chains                                                          ; On                 ; On                 ;
; Auto Open-Drain Pins                                                       ; On                 ; On                 ;
; Perform WYSIWYG Primitive Resynthesis                                      ; Off                ; Off                ;
; Auto ROM Replacement                                                       ; On                 ; On                 ;
; Auto RAM Replacement                                                       ; On                 ; On                 ;
; Auto DSP Block Replacement                                                 ; On                 ; On                 ;
; Auto Shift Register Replacement                                            ; Auto               ; Auto               ;
; Allow Shift Register Merging across Hierarchies                            ; Auto               ; Auto               ;
; Auto Clock Enable Replacement                                              ; On                 ; On                 ;
; Strict RAM Replacement                                                     ; Off                ; Off                ;
; Allow Synchronous Control Signals                                          ; On                 ; On                 ;
; Force Use of Synchronous Clear Signals                                     ; Off                ; Off                ;
; Auto RAM Block Balancing                                                   ; On                 ; On                 ;
; Auto RAM to Logic Cell Conversion                                          ; Off                ; Off                ;
; Auto Resource Sharing                                                      ; Off                ; Off                ;
; Allow Any RAM Size For Recognition                                         ; Off                ; Off                ;
; Allow Any ROM Size For Recognition                                         ; Off                ; Off                ;
; Allow Any Shift Register Size For Recognition                              ; Off                ; Off                ;
; Use LogicLock Constraints during Resource Balancing                        ; On                 ; On                 ;
; Ignore translate_off and synthesis_off directives                          ; Off                ; Off                ;
; Timing-Driven Synthesis                                                    ; On                 ; On                 ;
; Report Parameter Settings                                                  ; On                 ; On                 ;
; Report Source Assignments                                                  ; On                 ; On                 ;
; Report Connectivity Checks                                                 ; On                 ; On                 ;
; Ignore Maximum Fan-Out Assignments                                         ; Off                ; Off                ;
; Synchronization Register Chain Length                                      ; 2                  ; 2                  ;
; PowerPlay Power Optimization During Synthesis                              ; Normal compilation ; Normal compilation ;
; HDL message level                                                          ; Level2             ; Level2             ;
; Suppress Register Optimization Related Messages                            ; Off                ; Off                ;
; Number of Removed Registers Reported in Synthesis Report                   ; 5000               ; 5000               ;
; Number of Swept Nodes Reported in Synthesis Report                         ; 5000               ; 5000               ;
; Number of Inverted Registers Reported in Synthesis Report                  ; 100                ; 100                ;
; Clock MUX Protection                                                       ; On                 ; On                 ;
; Auto Gated Clock Conversion                                                ; Off                ; Off                ;
; Block Design Naming                                                        ; Auto               ; Auto               ;
; SDC constraint protection                                                  ; Off                ; Off                ;
; Synthesis Effort                                                           ; Auto               ; Auto               ;
; Shift Register Replacement - Allow Asynchronous Clear Signal               ; On                 ; On                 ;
; Pre-Mapping Resynthesis Optimization                                       ; Off                ; Off                ;
; Analysis & Synthesis Message Level                                         ; Medium             ; Medium             ;
; Disable Register Merging Across Hierarchies                                ; Auto               ; Auto               ;
; Resource Aware Inference For Block RAM                                     ; On                 ; On                 ;
+----------------------------------------------------------------------------+--------------------+--------------------+


+------------------------------------------+
; Parallel Compilation                     ;
+----------------------------+-------------+
; Processors                 ; Number      ;
+----------------------------+-------------+
; Number detected on machine ; 4           ;
; Maximum allowed            ; 4           ;
;                            ;             ;
; Average used               ; 1.00        ;
; Maximum used               ; 4           ;
;                            ;             ;
; Usage by Processor         ; % Time Used ;
;     Processor 1            ; 100.0%      ;
;     Processors 2-4         ;   0.0%      ;
+----------------------------+-------------+


+----------------------------------------------------------------------------------------------------------------------------------------------------------------------------------+
; Analysis & Synthesis Source Files Read                                                                                                                                           ;
+--------------------------------------------------------+-----------------+------------------------------------+--------------------------------------------------------+---------+
; File Name with User-Entered Path                       ; Used in Netlist ; File Type                          ; File Name with Absolute Path                           ; Library ;
+--------------------------------------------------------+-----------------+------------------------------------+--------------------------------------------------------+---------+
; //samba1/sbuddhar/dcengr/Desktop/elen/lab6/lab6.bdf    ; yes             ; User Block Diagram/Schematic File  ; //samba1/sbuddhar/dcengr/Desktop/elen/lab6/lab6.bdf    ;         ;
; //samba1/sbuddhar/dcengr/Desktop/elen/lab6/myfulladd.v ; yes             ; User Verilog HDL File              ; //samba1/sbuddhar/dcengr/Desktop/elen/lab6/myfulladd.v ;         ;
; //samba1/sbuddhar/dcengr/Desktop/elen/lab6/myadder4.v  ; yes             ; User Verilog HDL File              ; //samba1/sbuddhar/dcengr/Desktop/elen/lab6/myadder4.v  ;         ;
; //samba1/sbuddhar/dcengr/Desktop/elen/lab6/myALU4.v    ; yes             ; User Verilog HDL File              ; //samba1/sbuddhar/dcengr/Desktop/elen/lab6/myALU4.v    ;         ;
; //samba1/sbuddhar/dcengr/Desktop/elen/lab6/7seg.v      ; yes             ; User Verilog HDL File              ; //samba1/sbuddhar/dcengr/Desktop/elen/lab6/7seg.v      ;         ;
+--------------------------------------------------------+-----------------+------------------------------------+--------------------------------------------------------+---------+


+-----------------------------------------------------------+
; Analysis & Synthesis Resource Usage Summary               ;
+---------------------------------------------+-------------+
; Resource                                    ; Usage       ;
+---------------------------------------------+-------------+
; Estimated Total logic elements              ; 43          ;
;                                             ;             ;
; Total combinational functions               ; 43          ;
; Logic element usage by number of LUT inputs ;             ;
;     -- 4 input functions                    ; 27          ;
;     -- 3 input functions                    ; 15          ;
;     -- <=2 input functions                  ; 1           ;
;                                             ;             ;
; Logic elements by mode                      ;             ;
;     -- normal mode                          ; 43          ;
;     -- arithmetic mode                      ; 0           ;
;                                             ;             ;
; Total registers                             ; 0           ;
;     -- Dedicated logic registers            ; 0           ;
;     -- I/O registers                        ; 0           ;
;                                             ;             ;
; I/O pins                                    ; 37          ;
;                                             ;             ;
; Embedded Multiplier 9-bit elements          ; 0           ;
;                                             ;             ;
; Maximum fan-out node                        ; SW[2]~input ;
; Maximum fan-out                             ; 10          ;
; Total fan-out                               ; 216         ;
; Average fan-out                             ; 1.85        ;
+---------------------------------------------+-------------+


+----------------------------------------------------------------------------------------------------------------------------------------------------------------------------------------------------------------------------------+
; Analysis & Synthesis Resource Utilization by Entity                                                                                                                                                                              ;
+----------------------------+---------------------+---------------------------+-------------+--------------+---------+-----------+------+--------------+--------------------------------------------+--------------+--------------+
; Compilation Hierarchy Node ; Combinational ALUTs ; Dedicated Logic Registers ; Memory Bits ; DSP Elements ; DSP 9x9 ; DSP 18x18 ; Pins ; Virtual Pins ; Full Hierarchy Name                        ; Entity Name  ; Library Name ;
+----------------------------+---------------------+---------------------------+-------------+--------------+---------+-----------+------+--------------+--------------------------------------------+--------------+--------------+
; |lab6                      ; 43 (0)              ; 0 (0)                     ; 0           ; 0            ; 0       ; 0         ; 37   ; 0            ; |lab6                                      ; lab6         ; work         ;
;    |Lab5_display:inst2|    ; 7 (7)               ; 0 (0)                     ; 0           ; 0            ; 0       ; 0         ; 0    ; 0            ; |lab6|Lab5_display:inst2                   ; Lab5_display ; work         ;
;    |Lab5_display:inst3|    ; 7 (7)               ; 0 (0)                     ; 0           ; 0            ; 0       ; 0         ; 0    ; 0            ; |lab6|Lab5_display:inst3                   ; Lab5_display ; work         ;
;    |Lab5_display:inst4|    ; 7 (7)               ; 0 (0)                     ; 0           ; 0            ; 0       ; 0         ; 0    ; 0            ; |lab6|Lab5_display:inst4                   ; Lab5_display ; work         ;
;    |myALU4:inst|           ; 22 (12)             ; 0 (0)                     ; 0           ; 0            ; 0       ; 0         ; 0    ; 0            ; |lab6|myALU4:inst                          ; myALU4       ; work         ;
;       |myadder4:u1|        ; 10 (1)              ; 0 (0)                     ; 0           ; 0            ; 0       ; 0         ; 0    ; 0            ; |lab6|myALU4:inst|myadder4:u1              ; myadder4     ; work         ;
;          |myfulladd:u1|    ; 2 (2)               ; 0 (0)                     ; 0           ; 0            ; 0       ; 0         ; 0    ; 0            ; |lab6|myALU4:inst|myadder4:u1|myfulladd:u1 ; myfulladd    ; work         ;
;          |myfulladd:u2|    ; 2 (2)               ; 0 (0)                     ; 0           ; 0            ; 0       ; 0         ; 0    ; 0            ; |lab6|myALU4:inst|myadder4:u1|myfulladd:u2 ; myfulladd    ; work         ;
;          |myfulladd:u3|    ; 2 (2)               ; 0 (0)                     ; 0           ; 0            ; 0       ; 0         ; 0    ; 0            ; |lab6|myALU4:inst|myadder4:u1|myfulladd:u3 ; myfulladd    ; work         ;
;          |myfulladd:u4|    ; 3 (3)               ; 0 (0)                     ; 0           ; 0            ; 0       ; 0         ; 0    ; 0            ; |lab6|myALU4:inst|myadder4:u1|myfulladd:u4 ; myfulladd    ; work         ;
+----------------------------+---------------------+---------------------------+-------------+--------------+---------+-----------+------+--------------+--------------------------------------------+--------------+--------------+
Note: For table entries with two numbers listed, the numbers in parentheses indicate the number of resources of the given type used by the specific entity alone. The numbers listed outside of parentheses indicate the total resources of the given type used by the specific entity and all of its sub-entities in the hierarchy.


+---------------------------------------------------------------------------------------------------+
; User-Specified and Inferred Latches                                                               ;
+----------------------------------------------------+---------------------+------------------------+
; Latch Name                                         ; Latch Enable Signal ; Free of Timing Hazards ;
+----------------------------------------------------+---------------------+------------------------+
; myALU4:inst|w0                                     ; myALU4:inst|Mux3    ; yes                    ;
; myALU4:inst|w[0]                                   ; myALU4:inst|Mux3    ; yes                    ;
; myALU4:inst|w[1]                                   ; myALU4:inst|Mux3    ; yes                    ;
; myALU4:inst|w[2]                                   ; myALU4:inst|Mux3    ; yes                    ;
; myALU4:inst|w[3]                                   ; myALU4:inst|Mux3    ; yes                    ;
; Number of user-specified and inferred latches = 5  ;                     ;                        ;
+----------------------------------------------------+---------------------+------------------------+
Note: All latches listed above may not be present at the end of synthesis due to various synthesis optimizations.


+------------------------------------------------------+
; General Register Statistics                          ;
+----------------------------------------------+-------+
; Statistic                                    ; Value ;
+----------------------------------------------+-------+
; Total registers                              ; 0     ;
; Number of registers using Synchronous Clear  ; 0     ;
; Number of registers using Synchronous Load   ; 0     ;
; Number of registers using Asynchronous Clear ; 0     ;
; Number of registers using Asynchronous Load  ; 0     ;
; Number of registers using Clock Enable       ; 0     ;
; Number of registers using Preset             ; 0     ;
+----------------------------------------------+-------+


+------------------------------------------------------------------------------------------------------------------------------------------+
; Multiplexer Restructuring Statistics (Restructuring Performed)                                                                           ;
+--------------------+-----------+---------------+----------------------+------------------------+------------+----------------------------+
; Multiplexer Inputs ; Bus Width ; Baseline Area ; Area if Restructured ; Saving if Restructured ; Registered ; Example Multiplexer Output ;
+--------------------+-----------+---------------+----------------------+------------------------+------------+----------------------------+
; 7:1                ; 4 bits    ; 16 LEs        ; 12 LEs               ; 4 LEs                  ; No         ; |lab6|myALU4:inst|Mux6     ;
+--------------------+-----------+---------------+----------------------+------------------------+------------+----------------------------+


+-----------------------------------------------------+
; Post-Synthesis Netlist Statistics for Top Partition ;
+-----------------------+-----------------------------+
; Type                  ; Count                       ;
+-----------------------+-----------------------------+
; boundary_port         ; 37                          ;
; cycloneiii_lcell_comb ; 47                          ;
;     normal            ; 47                          ;
;         1 data inputs ; 4                           ;
;         2 data inputs ; 1                           ;
;         3 data inputs ; 15                          ;
;         4 data inputs ; 27                          ;
;                       ;                             ;
; Max LUT depth         ; 5.00                        ;
; Average LUT depth     ; 2.84                        ;
+-----------------------+-----------------------------+


+-------------------------------+
; Elapsed Time Per Partition    ;
+----------------+--------------+
; Partition Name ; Elapsed Time ;
+----------------+--------------+
; Top            ; 00:00:01     ;
+----------------+--------------+


+-------------------------------+
; Analysis & Synthesis Messages ;
+-------------------------------+
Info: *******************************************************************
Info: Running Quartus Prime Analysis & Synthesis
    Info: Version 17.0.2 Build 602 07/19/2017 SJ Lite Edition
    Info: Processing started: Mon Jul 15 16:35:41 2019
Info: Command: quartus_map --read_settings_files=on --write_settings_files=off lab6 -c lab6
Warning (18236): Number of processors has not been specified which may cause overloading on shared machines.  Set the global assignment NUM_PARALLEL_PROCESSORS in your QSF to an appropriate value for best performance.
Info (20030): Parallel compilation is enabled and will use 4 of the 4 processors detected
Info (12021): Found 1 design units, including 1 entities, in source file lab6.bdf
    Info (12023): Found entity 1: lab6
Info (12021): Found 1 design units, including 1 entities, in source file myfulladd.v
    Info (12023): Found entity 1: myfulladd File: //samba1/sbuddhar/dcengr/Desktop/elen/lab6/myfulladd.v Line: 1
Info (12021): Found 1 design units, including 1 entities, in source file myadder4.v
    Info (12023): Found entity 1: myadder4 File: //samba1/sbuddhar/dcengr/Desktop/elen/lab6/myadder4.v Line: 1
Info (12021): Found 1 design units, including 1 entities, in source file myalu4.v
    Info (12023): Found entity 1: myALU4 File: //samba1/sbuddhar/dcengr/Desktop/elen/lab6/myALU4.v Line: 1
Warning (12019): Can't analyze file -- file //samba1/sbuddhar/dcengr/Desktop/elen/lab6/mux4to1.v is missing
Info (12021): Found 1 design units, including 1 entities, in source file 7seg.v
    Info (12023): Found entity 1: Lab5_display File: //samba1/sbuddhar/dcengr/Desktop/elen/lab6/7seg.v Line: 1
Info (12127): Elaborating entity "lab6" for the top level hierarchy
Warning (275089): Not all bits in bus "HEX0[20..0]" are used
Warning (275080): Converted elements in bus name "HEX0" using legacy naming rules. Make any assignments on the new names, not on the original names.
    Warning (275081): Converted element name(s) from "HEX0[6..0]" to "HEX06..0"
    Warning (275081): Converted element name(s) from "HEX0[20..14]" to "HEX020..14"
Info (12128): Elaborating entity "Lab5_display" for hierarchy "Lab5_display:inst2"
Info (12128): Elaborating entity "myALU4" for hierarchy "myALU4:inst"
Warning (10235): Verilog HDL Always Construct warning at myALU4.v(18): variable "B" is read inside the Always Construct but isn't in the Always Construct's Event Control File: //samba1/sbuddhar/dcengr/Desktop/elen/lab6/myALU4.v Line: 18
Warning (10235): Verilog HDL Always Construct warning at myALU4.v(21): variable "B" is read inside the Always Construct but isn't in the Always Construct's Event Control File: //samba1/sbuddhar/dcengr/Desktop/elen/lab6/myALU4.v Line: 21
Warning (10235): Verilog HDL Always Construct warning at myALU4.v(22): variable "C0" is read inside the Always Construct but isn't in the Always Construct's Event Control File: //samba1/sbuddhar/dcengr/Desktop/elen/lab6/myALU4.v Line: 22
Warning (10235): Verilog HDL Always Construct warning at myALU4.v(25): variable "B" is read inside the Always Construct but isn't in the Always Construct's Event Control File: //samba1/sbuddhar/dcengr/Desktop/elen/lab6/myALU4.v Line: 25
Warning (10235): Verilog HDL Always Construct warning at myALU4.v(26): variable "C0" is read inside the Always Construct but isn't in the Always Construct's Event Control File: //samba1/sbuddhar/dcengr/Desktop/elen/lab6/myALU4.v Line: 26
Warning (10235): Verilog HDL Always Construct warning at myALU4.v(30): variable "C0" is read inside the Always Construct but isn't in the Always Construct's Event Control File: //samba1/sbuddhar/dcengr/Desktop/elen/lab6/myALU4.v Line: 30
Warning (10235): Verilog HDL Always Construct warning at myALU4.v(38): variable "C0" is read inside the Always Construct but isn't in the Always Construct's Event Control File: //samba1/sbuddhar/dcengr/Desktop/elen/lab6/myALU4.v Line: 38
Warning (10235): Verilog HDL Always Construct warning at myALU4.v(42): variable "C0" is read inside the Always Construct but isn't in the Always Construct's Event Control File: //samba1/sbuddhar/dcengr/Desktop/elen/lab6/myALU4.v Line: 42
Warning (10240): Verilog HDL Always Construct warning at myALU4.v(14): inferring latch(es) for variable "w", which holds its previous value in one or more paths through the always construct File: //samba1/sbuddhar/dcengr/Desktop/elen/lab6/myALU4.v Line: 14
Warning (10240): Verilog HDL Always Construct warning at myALU4.v(14): inferring latch(es) for variable "w0", which holds its previous value in one or more paths through the always construct File: //samba1/sbuddhar/dcengr/Desktop/elen/lab6/myALU4.v Line: 14
Info (10041): Inferred latch for "w0" at myALU4.v(14) File: //samba1/sbuddhar/dcengr/Desktop/elen/lab6/myALU4.v Line: 14
Info (10041): Inferred latch for "w[0]" at myALU4.v(14) File: //samba1/sbuddhar/dcengr/Desktop/elen/lab6/myALU4.v Line: 14
Info (10041): Inferred latch for "w[1]" at myALU4.v(14) File: //samba1/sbuddhar/dcengr/Desktop/elen/lab6/myALU4.v Line: 14
Info (10041): Inferred latch for "w[2]" at myALU4.v(14) File: //samba1/sbuddhar/dcengr/Desktop/elen/lab6/myALU4.v Line: 14
Info (10041): Inferred latch for "w[3]" at myALU4.v(14) File: //samba1/sbuddhar/dcengr/Desktop/elen/lab6/myALU4.v Line: 14
Info (12128): Elaborating entity "myadder4" for hierarchy "myALU4:inst|myadder4:u1" File: //samba1/sbuddhar/dcengr/Desktop/elen/lab6/myALU4.v Line: 47
Info (12128): Elaborating entity "myfulladd" for hierarchy "myALU4:inst|myadder4:u1|myfulladd:u1" File: //samba1/sbuddhar/dcengr/Desktop/elen/lab6/myadder4.v Line: 9
Warning (13012): Latch myALU4:inst|w0 has unsafe behavior File: //samba1/sbuddhar/dcengr/Desktop/elen/lab6/myALU4.v Line: 7
    Warning (13013): Ports D and ENA on the latch are fed by the same signal SW[9]
Warning (13012): Latch myALU4:inst|w[0] has unsafe behavior File: //samba1/sbuddhar/dcengr/Desktop/elen/lab6/myALU4.v Line: 14
    Warning (13013): Ports D and ENA on the latch are fed by the same signal SW[10]
Warning (13012): Latch myALU4:inst|w[1] has unsafe behavior File: //samba1/sbuddhar/dcengr/Desktop/elen/lab6/myALU4.v Line: 14
    Warning (13013): Ports D and ENA on the latch are fed by the same signal SW[10]
Warning (13012): Latch myALU4:inst|w[2] has unsafe behavior File: //samba1/sbuddhar/dcengr/Desktop/elen/lab6/myALU4.v Line: 14
    Warning (13013): Ports D and ENA on the latch are fed by the same signal SW[10]
Warning (13012): Latch myALU4:inst|w[3] has unsafe behavior File: //samba1/sbuddhar/dcengr/Desktop/elen/lab6/myALU4.v Line: 14
    Warning (13013): Ports D and ENA on the latch are fed by the same signal SW[10]
Info (286030): Timing-Driven Synthesis is running
Info (16010): Generating hard_block partition "hard_block:auto_generated_inst"
    Info (16011): Adding 0 node(s), including 0 DDIO, 0 PLL, 0 transceiver and 0 LCELL
Warning (21074): Design contains 1 input pin(s) that do not drive logic
    Warning (15610): No output dependent on input pin "SW[11]"
Info (21057): Implemented 80 device resources after synthesis - the final resource count might be different
    Info (21058): Implemented 13 input pins
    Info (21059): Implemented 24 output pins
    Info (21061): Implemented 43 logic cells
Info: Quartus Prime Analysis & Synthesis was successful. 0 errors, 28 warnings
    Info: Peak virtual memory: 4766 megabytes
    Info: Processing ended: Mon Jul 15 16:35:58 2019
    Info: Elapsed time: 00:00:17
    Info: Total CPU time (on all processors): 00:00:25


