Analysis & Synthesis report for lab9
Fri Jul 26 15:47:09 2019
Quartus Prime Version 17.0.2 Build 602 07/19/2017 SJ Lite Edition


---------------------
; Table of Contents ;
---------------------
  1. Legal Notice
  2. Analysis & Synthesis Summary
  3. Analysis & Synthesis Settings
  4. Parallel Compilation
  5. Analysis & Synthesis Source Files Read
  6. Analysis & Synthesis Resource Usage Summary
  7. Analysis & Synthesis Resource Utilization by Entity
  8. User-Specified and Inferred Latches
  9. General Register Statistics
 10. Multiplexer Restructuring Statistics (Restructuring Performed)
 11. Parameter Settings for User Entity Instance: pong_game12:inst|pong_controller2:pc2
 12. Port Connectivity Checks: "pong_game12:inst|var_clock:vc|counter27:c27"
 13. Post-Synthesis Netlist Statistics for Top Partition
 14. Elapsed Time Per Partition
 15. Analysis & Synthesis Messages
 16. Analysis & Synthesis Suppressed Messages



----------------
; Legal Notice ;
----------------
Copyright (C) 2017  Intel Corporation. All rights reserved.
Your use of Intel Corporation's design tools, logic functions 
and other software and tools, and its AMPP partner logic 
functions, and any output files from any of the foregoing 
(including device programming or simulation files), and any 
associated documentation or information are expressly subject 
to the terms and conditions of the Intel Program License 
Subscription Agreement, the Intel Quartus Prime License Agreement,
the Intel MegaCore Function License Agreement, or other 
applicable license agreement, including, without limitation, 
that your use is for the sole purpose of programming logic 
devices manufactured by Intel and sold by Intel or its 
authorized distributors.  Please refer to the applicable 
agreement for further details.



+----------------------------------------------------------------------------------+
; Analysis & Synthesis Summary                                                     ;
+------------------------------------+---------------------------------------------+
; Analysis & Synthesis Status        ; Successful - Fri Jul 26 15:47:08 2019       ;
; Quartus Prime Version              ; 17.0.2 Build 602 07/19/2017 SJ Lite Edition ;
; Revision Name                      ; lab9                                        ;
; Top-level Entity Name              ; lab9                                        ;
; Family                             ; Cyclone IV E                                ;
; Total logic elements               ; 101                                         ;
;     Total combinational functions  ; 101                                         ;
;     Dedicated logic registers      ; 52                                          ;
; Total registers                    ; 52                                          ;
; Total pins                         ; 44                                          ;
; Total virtual pins                 ; 0                                           ;
; Total memory bits                  ; 0                                           ;
; Embedded Multiplier 9-bit elements ; 0                                           ;
; Total PLLs                         ; 0                                           ;
+------------------------------------+---------------------------------------------+


+----------------------------------------------------------------------------------------------------------------------+
; Analysis & Synthesis Settings                                                                                        ;
+----------------------------------------------------------------------------+--------------------+--------------------+
; Option                                                                     ; Setting            ; Default Value      ;
+----------------------------------------------------------------------------+--------------------+--------------------+
; Device                                                                     ; EP4CE115F29C8      ;                    ;
; Top-level entity name                                                      ; lab9               ; lab9               ;
; Family name                                                                ; Cyclone IV E       ; Cyclone V          ;
; Use smart compilation                                                      ; Off                ; Off                ;
; Enable parallel Assembler and TimeQuest Timing Analyzer during compilation ; On                 ; On                 ;
; Enable compact report table                                                ; Off                ; Off                ;
; Restructure Multiplexers                                                   ; Auto               ; Auto               ;
; Create Debugging Nodes for IP Cores                                        ; Off                ; Off                ;
; Preserve fewer node names                                                  ; On                 ; On                 ;
; OpenCore Plus hardware evaluation                                          ; Enable             ; Enable             ;
; Verilog Version                                                            ; Verilog_2001       ; Verilog_2001       ;
; VHDL Version                                                               ; VHDL_1993          ; VHDL_1993          ;
; State Machine Processing                                                   ; Auto               ; Auto               ;
; Safe State Machine                                                         ; Off                ; Off                ;
; Extract Verilog State Machines                                             ; On                 ; On                 ;
; Extract VHDL State Machines                                                ; On                 ; On                 ;
; Ignore Verilog initial constructs                                          ; Off                ; Off                ;
; Iteration limit for constant Verilog loops                                 ; 5000               ; 5000               ;
; Iteration limit for non-constant Verilog loops                             ; 250                ; 250                ;
; Add Pass-Through Logic to Inferred RAMs                                    ; On                 ; On                 ;
; Infer RAMs from Raw Logic                                                  ; On                 ; On                 ;
; Parallel Synthesis                                                         ; On                 ; On                 ;
; DSP Block Balancing                                                        ; Auto               ; Auto               ;
; NOT Gate Push-Back                                                         ; On                 ; On                 ;
; Power-Up Don't Care                                                        ; On                 ; On                 ;
; Remove Redundant Logic Cells                                               ; Off                ; Off                ;
; Remove Duplicate Registers                                                 ; On                 ; On                 ;
; Ignore CARRY Buffers                                                       ; Off                ; Off                ;
; Ignore CASCADE Buffers                                                     ; Off                ; Off                ;
; Ignore GLOBAL Buffers                                                      ; Off                ; Off                ;
; Ignore ROW GLOBAL Buffers                                                  ; Off                ; Off                ;
; Ignore LCELL Buffers                                                       ; Off                ; Off                ;
; Ignore SOFT Buffers                                                        ; On                 ; On                 ;
; Limit AHDL Integers to 32 Bits                                             ; Off                ; Off                ;
; Optimization Technique                                                     ; Balanced           ; Balanced           ;
; Carry Chain Length                                                         ; 70                 ; 70                 ;
; Auto Carry Chains                                                          ; On                 ; On                 ;
; Auto Open-Drain Pins                                                       ; On                 ; On                 ;
; Perform WYSIWYG Primitive Resynthesis                                      ; Off                ; Off                ;
; Auto ROM Replacement                                                       ; On                 ; On                 ;
; Auto RAM Replacement                                                       ; On                 ; On                 ;
; Auto DSP Block Replacement                                                 ; On                 ; On                 ;
; Auto Shift Register Replacement                                            ; Auto               ; Auto               ;
; Allow Shift Register Merging across Hierarchies                            ; Auto               ; Auto               ;
; Auto Clock Enable Replacement                                              ; On                 ; On                 ;
; Strict RAM Replacement                                                     ; Off                ; Off                ;
; Allow Synchronous Control Signals                                          ; On                 ; On                 ;
; Force Use of Synchronous Clear Signals                                     ; Off                ; Off                ;
; Auto RAM Block Balancing                                                   ; On                 ; On                 ;
; Auto RAM to Logic Cell Conversion                                          ; Off                ; Off                ;
; Auto Resource Sharing                                                      ; Off                ; Off                ;
; Allow Any RAM Size For Recognition                                         ; Off                ; Off                ;
; Allow Any ROM Size For Recognition                                         ; Off                ; Off                ;
; Allow Any Shift Register Size For Recognition                              ; Off                ; Off                ;
; Use LogicLock Constraints during Resource Balancing                        ; On                 ; On                 ;
; Ignore translate_off and synthesis_off directives                          ; Off                ; Off                ;
; Timing-Driven Synthesis                                                    ; On                 ; On                 ;
; Report Parameter Settings                                                  ; On                 ; On                 ;
; Report Source Assignments                                                  ; On                 ; On                 ;
; Report Connectivity Checks                                                 ; On                 ; On                 ;
; Ignore Maximum Fan-Out Assignments                                         ; Off                ; Off                ;
; Synchronization Register Chain Length                                      ; 2                  ; 2                  ;
; PowerPlay Power Optimization During Synthesis                              ; Normal compilation ; Normal compilation ;
; HDL message level                                                          ; Level2             ; Level2             ;
; Suppress Register Optimization Related Messages                            ; Off                ; Off                ;
; Number of Removed Registers Reported in Synthesis Report                   ; 5000               ; 5000               ;
; Number of Swept Nodes Reported in Synthesis Report                         ; 5000               ; 5000               ;
; Number of Inverted Registers Reported in Synthesis Report                  ; 100                ; 100                ;
; Clock MUX Protection                                                       ; On                 ; On                 ;
; Auto Gated Clock Conversion                                                ; Off                ; Off                ;
; Block Design Naming                                                        ; Auto               ; Auto               ;
; SDC constraint protection                                                  ; Off                ; Off                ;
; Synthesis Effort                                                           ; Auto               ; Auto               ;
; Shift Register Replacement - Allow Asynchronous Clear Signal               ; On                 ; On                 ;
; Pre-Mapping Resynthesis Optimization                                       ; Off                ; Off                ;
; Analysis & Synthesis Message Level                                         ; Medium             ; Medium             ;
; Disable Register Merging Across Hierarchies                                ; Auto               ; Auto               ;
; Resource Aware Inference For Block RAM                                     ; On                 ; On                 ;
+----------------------------------------------------------------------------+--------------------+--------------------+


+------------------------------------------+
; Parallel Compilation                     ;
+----------------------------+-------------+
; Processors                 ; Number      ;
+----------------------------+-------------+
; Number detected on machine ; 4           ;
; Maximum allowed            ; 4           ;
;                            ;             ;
; Average used               ; 1.00        ;
; Maximum used               ; 4           ;
;                            ;             ;
; Usage by Processor         ; % Time Used ;
;     Processor 1            ; 100.0%      ;
;     Processor 2            ;   0.0%      ;
;     Processors 3-4         ;   0.0%      ;
+----------------------------+-------------+


+-------------------------------------------------------------------------------------------------------------------------------------------------------------------------------------------+
; Analysis & Synthesis Source Files Read                                                                                                                                                    ;
+----------------------------------------------------+-----------------+------------------------------------------+---------------------------------------------------------------+---------+
; File Name with User-Entered Path                   ; Used in Netlist ; File Type                                ; File Name with Absolute Path                                  ; Library ;
+----------------------------------------------------+-----------------+------------------------------------------+---------------------------------------------------------------+---------+
; //samba1/sbuddhar/dcengr/Desktop/elen/lab9/count.v ; yes             ; User Verilog HDL File                    ; //samba1/sbuddhar/dcengr/Desktop/elen/lab9/count.v            ;         ;
; lab9.bdf                                           ; yes             ; Auto-Found Block Diagram/Schematic File  ; //samba1/sbuddhar/dcengr/Desktop/elen/lab9/lab9.bdf           ;         ;
; seg7.v                                             ; yes             ; Auto-Found Verilog HDL File              ; //samba1/sbuddhar/dcengr/Desktop/elen/lab9/seg7.v             ;         ;
; pong_game12.v                                      ; yes             ; Auto-Found Verilog HDL File              ; //samba1/sbuddhar/dcengr/Desktop/elen/lab9/pong_game12.v      ;         ;
; var_clock.v                                        ; yes             ; Auto-Found Verilog HDL File              ; //samba1/sbuddhar/dcengr/Desktop/elen/lab9/var_clock.v        ;         ;
; counter27.v                                        ; yes             ; Auto-Found Verilog HDL File              ; //samba1/sbuddhar/dcengr/Desktop/elen/lab9/counter27.v        ;         ;
; pong_controller2.v                                 ; yes             ; Auto-Found Verilog HDL File              ; //samba1/sbuddhar/dcengr/Desktop/elen/lab9/pong_controller2.v ;         ;
; pong12.v                                           ; yes             ; Auto-Found Verilog HDL File              ; //samba1/sbuddhar/dcengr/Desktop/elen/lab9/pong12.v           ;         ;
+----------------------------------------------------+-----------------+------------------------------------------+---------------------------------------------------------------+---------+


+--------------------------------------------------------------+
; Analysis & Synthesis Resource Usage Summary                  ;
+---------------------------------------------+----------------+
; Resource                                    ; Usage          ;
+---------------------------------------------+----------------+
; Estimated Total logic elements              ; 101            ;
;                                             ;                ;
; Total combinational functions               ; 101            ;
; Logic element usage by number of LUT inputs ;                ;
;     -- 4 input functions                    ; 55             ;
;     -- 3 input functions                    ; 14             ;
;     -- <=2 input functions                  ; 32             ;
;                                             ;                ;
; Logic elements by mode                      ;                ;
;     -- normal mode                          ; 76             ;
;     -- arithmetic mode                      ; 25             ;
;                                             ;                ;
; Total registers                             ; 52             ;
;     -- Dedicated logic registers            ; 52             ;
;     -- I/O registers                        ; 0              ;
;                                             ;                ;
; I/O pins                                    ; 44             ;
;                                             ;                ;
; Embedded Multiplier 9-bit elements          ; 0              ;
;                                             ;                ;
; Maximum fan-out node                        ; CLOCK_50~input ;
; Maximum fan-out                             ; 28             ;
; Total fan-out                               ; 521            ;
; Average fan-out                             ; 2.16           ;
+---------------------------------------------+----------------+


+-----------------------------------------------------------------------------------------------------------------------------------------------------------------------------------------------------------------------------------------------+
; Analysis & Synthesis Resource Utilization by Entity                                                                                                                                                                                           ;
+------------------------------+---------------------+---------------------------+-------------+--------------+---------+-----------+------+--------------+---------------------------------------------------+------------------+--------------+
; Compilation Hierarchy Node   ; Combinational ALUTs ; Dedicated Logic Registers ; Memory Bits ; DSP Elements ; DSP 9x9 ; DSP 18x18 ; Pins ; Virtual Pins ; Full Hierarchy Name                               ; Entity Name      ; Library Name ;
+------------------------------+---------------------+---------------------------+-------------+--------------+---------+-----------+------+--------------+---------------------------------------------------+------------------+--------------+
; |lab9                        ; 101 (0)             ; 52 (0)                    ; 0           ; 0            ; 0       ; 0         ; 44   ; 0            ; |lab9                                             ; lab9             ; work         ;
;    |count:inst1|             ; 6 (6)               ; 4 (4)                     ; 0           ; 0            ; 0       ; 0         ; 0    ; 0            ; |lab9|count:inst1                                 ; count            ; work         ;
;    |count:inst9|             ; 5 (5)               ; 4 (4)                     ; 0           ; 0            ; 0       ; 0         ; 0    ; 0            ; |lab9|count:inst9                                 ; count            ; work         ;
;    |pong_game12:inst|        ; 76 (0)              ; 44 (0)                    ; 0           ; 0            ; 0       ; 0         ; 0    ; 0            ; |lab9|pong_game12:inst                            ; pong_game12      ; work         ;
;       |pong12:p12|           ; 13 (13)             ; 12 (12)                   ; 0           ; 0            ; 0       ; 0         ; 0    ; 0            ; |lab9|pong_game12:inst|pong12:p12                 ; pong12           ; work         ;
;       |pong_controller2:pc2| ; 31 (31)             ; 4 (4)                     ; 0           ; 0            ; 0       ; 0         ; 0    ; 0            ; |lab9|pong_game12:inst|pong_controller2:pc2       ; pong_controller2 ; work         ;
;       |var_clock:vc|         ; 32 (5)              ; 28 (1)                    ; 0           ; 0            ; 0       ; 0         ; 0    ; 0            ; |lab9|pong_game12:inst|var_clock:vc               ; var_clock        ; work         ;
;          |counter27:c27|     ; 27 (27)             ; 27 (27)                   ; 0           ; 0            ; 0       ; 0         ; 0    ; 0            ; |lab9|pong_game12:inst|var_clock:vc|counter27:c27 ; counter27        ; work         ;
;    |seg7:inst12|             ; 7 (7)               ; 0 (0)                     ; 0           ; 0            ; 0       ; 0         ; 0    ; 0            ; |lab9|seg7:inst12                                 ; seg7             ; work         ;
;    |seg7:inst2|              ; 7 (7)               ; 0 (0)                     ; 0           ; 0            ; 0       ; 0         ; 0    ; 0            ; |lab9|seg7:inst2                                  ; seg7             ; work         ;
+------------------------------+---------------------+---------------------------+-------------+--------------+---------+-----------+------+--------------+---------------------------------------------------+------------------+--------------+
Note: For table entries with two numbers listed, the numbers in parentheses indicate the number of resources of the given type used by the specific entity alone. The numbers listed outside of parentheses indicate the total resources of the given type used by the specific entity and all of its sub-entities in the hierarchy.


+------------------------------------------------------------------------------------------------------------------------------+
; User-Specified and Inferred Latches                                                                                          ;
+-----------------------------------------------------+-----------------------------------------------+------------------------+
; Latch Name                                          ; Latch Enable Signal                           ; Free of Timing Hazards ;
+-----------------------------------------------------+-----------------------------------------------+------------------------+
; pong_game12:inst|pong_controller2:pc2|rsi           ; pong_game12:inst|pong_controller2:pc2|WideOr0 ; yes                    ;
; pong_game12:inst|pong_controller2:pc2|lsi           ; pong_game12:inst|pong_controller2:pc2|WideOr0 ; yes                    ;
; pong_game12:inst|pong_controller2:pc2|lct           ; pong_game12:inst|pong_controller2:pc2|WideOr0 ; yes                    ;
; pong_game12:inst|pong_controller2:pc2|rct           ; pong_game12:inst|pong_controller2:pc2|WideOr0 ; yes                    ;
; pong_game12:inst|pong_controller2:pc2|nextS[3]      ; pong_game12:inst|pong_controller2:pc2|WideOr0 ; yes                    ;
; pong_game12:inst|pong_controller2:pc2|nextS[2]      ; pong_game12:inst|pong_controller2:pc2|WideOr0 ; yes                    ;
; pong_game12:inst|pong_controller2:pc2|nextS[1]      ; pong_game12:inst|pong_controller2:pc2|WideOr0 ; yes                    ;
; pong_game12:inst|pong_controller2:pc2|nextS[0]      ; pong_game12:inst|pong_controller2:pc2|WideOr0 ; yes                    ;
; pong_game12:inst|pong_controller2:pc2|s[1]          ; pong_game12:inst|pong_controller2:pc2|WideOr0 ; yes                    ;
; pong_game12:inst|pong_controller2:pc2|s[0]          ; pong_game12:inst|pong_controller2:pc2|WideOr0 ; yes                    ;
; Number of user-specified and inferred latches = 10  ;                                               ;                        ;
+-----------------------------------------------------+-----------------------------------------------+------------------------+
Note: All latches listed above may not be present at the end of synthesis due to various synthesis optimizations.


+------------------------------------------------------+
; General Register Statistics                          ;
+----------------------------------------------+-------+
; Statistic                                    ; Value ;
+----------------------------------------------+-------+
; Total registers                              ; 52    ;
; Number of registers using Synchronous Clear  ; 0     ;
; Number of registers using Synchronous Load   ; 0     ;
; Number of registers using Asynchronous Clear ; 0     ;
; Number of registers using Asynchronous Load  ; 0     ;
; Number of registers using Clock Enable       ; 16    ;
; Number of registers using Preset             ; 0     ;
+----------------------------------------------+-------+


+-------------------------------------------------------------------------------------------------------------------------------------------------------+
; Multiplexer Restructuring Statistics (Restructuring Performed)                                                                                        ;
+--------------------+-----------+---------------+----------------------+------------------------+------------+-----------------------------------------+
; Multiplexer Inputs ; Bus Width ; Baseline Area ; Area if Restructured ; Saving if Restructured ; Registered ; Example Multiplexer Output              ;
+--------------------+-----------+---------------+----------------------+------------------------+------------+-----------------------------------------+
; 3:1                ; 4 bits    ; 8 LEs         ; 4 LEs                ; 4 LEs                  ; Yes        ; |lab9|count:inst1|out[3]                ;
; 4:1                ; 12 bits   ; 24 LEs        ; 24 LEs               ; 0 LEs                  ; Yes        ; |lab9|pong_game12:inst|pong12:p12|q[11] ;
+--------------------+-----------+---------------+----------------------+------------------------+------------+-----------------------------------------+


+------------------------------------------------------------------------------------+
; Parameter Settings for User Entity Instance: pong_game12:inst|pong_controller2:pc2 ;
+----------------+-------+-----------------------------------------------------------+
; Parameter Name ; Value ; Type                                                      ;
+----------------+-------+-----------------------------------------------------------+
; sidle          ; 0000  ; Unsigned Binary                                           ;
; srsrv          ; 0001  ; Unsigned Binary                                           ;
; slsrv          ; 0010  ; Unsigned Binary                                           ;
; srmovl         ; 0011  ; Unsigned Binary                                           ;
; slmovl         ; 0100  ; Unsigned Binary                                           ;
; slmisl         ; 0101  ; Unsigned Binary                                           ;
; srmisl         ; 0110  ; Unsigned Binary                                           ;
; sendl          ; 0111  ; Unsigned Binary                                           ;
; sendr          ; 1000  ; Unsigned Binary                                           ;
+----------------+-------+-----------------------------------------------------------+
Note: In order to hide this table in the UI and the text report file, please set the "Show Parameter Settings in Synthesis Report" option in "Analysis and Synthesis Settings -> More Settings" to "Off".


+---------------------------------------------------------------------------------------------------------------------------------------------------------------------------------------------------------------------+
; Port Connectivity Checks: "pong_game12:inst|var_clock:vc|counter27:c27"                                                                                                                                             ;
+------------+--------+----------+------------------------------------------------------------------------------------------------------------------------------------------------------------------------------------+
; Port       ; Type   ; Severity ; Details                                                                                                                                                                            ;
+------------+--------+----------+------------------------------------------------------------------------------------------------------------------------------------------------------------------------------------+
; enable     ; Input  ; Warning  ; Input port expression (32 bits) is wider than the input port (1 bits) it drives.  The 31 most-significant bit(s) in the expression will be dangling if they have no other fanouts. ;
; enable[-1] ; Input  ; Info     ; Stuck at VCC                                                                                                                                                                       ;
; reset      ; Input  ; Warning  ; Input port expression (32 bits) is wider than the input port (1 bits) it drives.  The 31 most-significant bit(s) in the expression will be dangling if they have no other fanouts. ;
; reset[-1]  ; Input  ; Info     ; Stuck at GND                                                                                                                                                                       ;
; Q[18..0]   ; Output ; Info     ; Connected to dangling logic. Logic that only feeds a dangling port will be removed.                                                                                                ;
+------------+--------+----------+------------------------------------------------------------------------------------------------------------------------------------------------------------------------------------+


+-----------------------------------------------------+
; Post-Synthesis Netlist Statistics for Top Partition ;
+-----------------------+-----------------------------+
; Type                  ; Count                       ;
+-----------------------+-----------------------------+
; boundary_port         ; 44                          ;
; cycloneiii_ff         ; 52                          ;
;     ENA               ; 16                          ;
;     plain             ; 36                          ;
; cycloneiii_lcell_comb ; 103                         ;
;     arith             ; 25                          ;
;         2 data inputs ; 24                          ;
;         3 data inputs ; 1                           ;
;     normal            ; 78                          ;
;         1 data inputs ; 4                           ;
;         2 data inputs ; 6                           ;
;         3 data inputs ; 13                          ;
;         4 data inputs ; 55                          ;
;                       ;                             ;
; Max LUT depth         ; 4.00                        ;
; Average LUT depth     ; 2.31                        ;
+-----------------------+-----------------------------+


+-------------------------------+
; Elapsed Time Per Partition    ;
+----------------+--------------+
; Partition Name ; Elapsed Time ;
+----------------+--------------+
; Top            ; 00:00:01     ;
+----------------+--------------+


+-------------------------------+
; Analysis & Synthesis Messages ;
+-------------------------------+
Info: *******************************************************************
Info: Running Quartus Prime Analysis & Synthesis
    Info: Version 17.0.2 Build 602 07/19/2017 SJ Lite Edition
    Info: Processing started: Fri Jul 26 15:46:41 2019
Info: Command: quartus_map --read_settings_files=on --write_settings_files=off lab9 -c lab9
Warning (18236): Number of processors has not been specified which may cause overloading on shared machines.  Set the global assignment NUM_PARALLEL_PROCESSORS in your QSF to an appropriate value for best performance.
Info (20030): Parallel compilation is enabled and will use 4 of the 4 processors detected
Info (12021): Found 1 design units, including 1 entities, in source file //samba1/sbuddhar/dcengr/desktop/elen/lab6/verilog6.v
    Info (12023): Found entity 1: wire_to_bus File: //samba1/sbuddhar/dcengr/Desktop/elen/lab6/Verilog6.v Line: 1
Info (12021): Found 1 design units, including 1 entities, in source file //samba1/sbuddhar/dcengr/desktop/elen/lab6/realbustowire.v
    Info (12023): Found entity 1: realbustowire File: //samba1/sbuddhar/dcengr/Desktop/elen/lab6/realbustowire.v Line: 1
Info (12021): Found 1 design units, including 1 entities, in source file //samba1/sbuddhar/dcengr/desktop/elen/lab6/realwiretobus.v
    Info (12023): Found entity 1: realwiretobus File: //samba1/sbuddhar/dcengr/Desktop/elen/lab6/realwiretobus.v Line: 1
Info (12021): Found 1 design units, including 1 entities, in source file //samba1/sbuddhar/dcengr/desktop/elen/lab7/conv.v
    Info (12023): Found entity 1: conv File: //samba1/sbuddhar/dcengr/Desktop/elen/lab7/conv.v Line: 1
Info (12021): Found 1 design units, including 1 entities, in source file //samba1/sbuddhar/dcengr/desktop/elen/lab7/3bcounter.v
    Info (12023): Found entity 1: counter File: //samba1/sbuddhar/dcengr/Desktop/elen/lab7/3bcounter.v Line: 1
Info (12021): Found 1 design units, including 1 entities, in source file //samba1/sbuddhar/dcengr/desktop/elen/lab8/pong4.v
    Info (12023): Found entity 1: pong4 File: //samba1/sbuddhar/dcengr/Desktop/elen/lab8/pong4.v Line: 1
Info (12021): Found 1 design units, including 1 entities, in source file //samba1/sbuddhar/dcengr/desktop/elen/lab8/pong_controller1.v
    Info (12023): Found entity 1: pong_controller1 File: //samba1/sbuddhar/dcengr/Desktop/elen/lab8/pong_controller1.v Line: 1
Warning (10463): Verilog HDL Declaration warning at isolate.v(3): "new" is SystemVerilog-2005 keyword File: //samba1/sbuddhar/dcengr/Desktop/elen/lab8/isolate.v Line: 3
Info (12021): Found 1 design units, including 1 entities, in source file //samba1/sbuddhar/dcengr/desktop/elen/lab8/isolate.v
    Info (12023): Found entity 1: isolate File: //samba1/sbuddhar/dcengr/Desktop/elen/lab8/isolate.v Line: 1
Info (12021): Found 1 design units, including 1 entities, in source file count.v
    Info (12023): Found entity 1: count File: //samba1/sbuddhar/dcengr/Desktop/elen/lab9/count.v Line: 1
Warning (12125): Using design file lab9.bdf, which is not specified as a design file for the current project, but contains definitions for 1 design units and 1 entities in project
    Info (12023): Found entity 1: lab9
Info (12127): Elaborating entity "lab9" for the top level hierarchy
Warning (12125): Using design file seg7.v, which is not specified as a design file for the current project, but contains definitions for 1 design units and 1 entities in project
    Info (12023): Found entity 1: seg7 File: //samba1/sbuddhar/dcengr/Desktop/elen/lab9/seg7.v Line: 1
Info (12128): Elaborating entity "seg7" for hierarchy "seg7:inst2"
Info (12128): Elaborating entity "count" for hierarchy "count:inst1"
Warning (10230): Verilog HDL assignment warning at count.v(8): truncated value with size 32 to match size of target (4) File: //samba1/sbuddhar/dcengr/Desktop/elen/lab9/count.v Line: 8
Warning (12125): Using design file pong_game12.v, which is not specified as a design file for the current project, but contains definitions for 1 design units and 1 entities in project
    Info (12023): Found entity 1: pong_game12 File: //samba1/sbuddhar/dcengr/Desktop/elen/lab9/pong_game12.v Line: 1
Info (12128): Elaborating entity "pong_game12" for hierarchy "pong_game12:inst"
Warning (12125): Using design file var_clock.v, which is not specified as a design file for the current project, but contains definitions for 1 design units and 1 entities in project
    Info (12023): Found entity 1: var_clock File: //samba1/sbuddhar/dcengr/Desktop/elen/lab9/var_clock.v Line: 1
Info (12128): Elaborating entity "var_clock" for hierarchy "pong_game12:inst|var_clock:vc" File: //samba1/sbuddhar/dcengr/Desktop/elen/lab9/pong_game12.v Line: 12
Warning (12125): Using design file counter27.v, which is not specified as a design file for the current project, but contains definitions for 1 design units and 1 entities in project
    Info (12023): Found entity 1: counter27 File: //samba1/sbuddhar/dcengr/Desktop/elen/lab9/counter27.v Line: 1
Info (12128): Elaborating entity "counter27" for hierarchy "pong_game12:inst|var_clock:vc|counter27:c27" File: //samba1/sbuddhar/dcengr/Desktop/elen/lab9/var_clock.v Line: 7
Warning (10230): Verilog HDL assignment warning at counter27.v(15): truncated value with size 32 to match size of target (27) File: //samba1/sbuddhar/dcengr/Desktop/elen/lab9/counter27.v Line: 15
Warning (12125): Using design file pong_controller2.v, which is not specified as a design file for the current project, but contains definitions for 1 design units and 1 entities in project
    Info (12023): Found entity 1: pong_controller2 File: //samba1/sbuddhar/dcengr/Desktop/elen/lab9/pong_controller2.v Line: 1
Info (12128): Elaborating entity "pong_controller2" for hierarchy "pong_game12:inst|pong_controller2:pc2" File: //samba1/sbuddhar/dcengr/Desktop/elen/lab9/pong_game12.v Line: 13
Warning (10270): Verilog HDL Case Statement warning at pong_controller2.v(12): incomplete case statement has no default case item File: //samba1/sbuddhar/dcengr/Desktop/elen/lab9/pong_controller2.v Line: 12
Warning (10240): Verilog HDL Always Construct warning at pong_controller2.v(12): inferring latch(es) for variable "lct", which holds its previous value in one or more paths through the always construct File: //samba1/sbuddhar/dcengr/Desktop/elen/lab9/pong_controller2.v Line: 12
Warning (10240): Verilog HDL Always Construct warning at pong_controller2.v(12): inferring latch(es) for variable "rct", which holds its previous value in one or more paths through the always construct File: //samba1/sbuddhar/dcengr/Desktop/elen/lab9/pong_controller2.v Line: 12
Warning (10240): Verilog HDL Always Construct warning at pong_controller2.v(12): inferring latch(es) for variable "lsi", which holds its previous value in one or more paths through the always construct File: //samba1/sbuddhar/dcengr/Desktop/elen/lab9/pong_controller2.v Line: 12
Warning (10240): Verilog HDL Always Construct warning at pong_controller2.v(12): inferring latch(es) for variable "rsi", which holds its previous value in one or more paths through the always construct File: //samba1/sbuddhar/dcengr/Desktop/elen/lab9/pong_controller2.v Line: 12
Warning (10240): Verilog HDL Always Construct warning at pong_controller2.v(12): inferring latch(es) for variable "s", which holds its previous value in one or more paths through the always construct File: //samba1/sbuddhar/dcengr/Desktop/elen/lab9/pong_controller2.v Line: 12
Warning (10240): Verilog HDL Always Construct warning at pong_controller2.v(12): inferring latch(es) for variable "nextS", which holds its previous value in one or more paths through the always construct File: //samba1/sbuddhar/dcengr/Desktop/elen/lab9/pong_controller2.v Line: 12
Info (10041): Inferred latch for "nextS[0]" at pong_controller2.v(12) File: //samba1/sbuddhar/dcengr/Desktop/elen/lab9/pong_controller2.v Line: 12
Info (10041): Inferred latch for "nextS[1]" at pong_controller2.v(12) File: //samba1/sbuddhar/dcengr/Desktop/elen/lab9/pong_controller2.v Line: 12
Info (10041): Inferred latch for "nextS[2]" at pong_controller2.v(12) File: //samba1/sbuddhar/dcengr/Desktop/elen/lab9/pong_controller2.v Line: 12
Info (10041): Inferred latch for "nextS[3]" at pong_controller2.v(12) File: //samba1/sbuddhar/dcengr/Desktop/elen/lab9/pong_controller2.v Line: 12
Info (10041): Inferred latch for "s[0]" at pong_controller2.v(12) File: //samba1/sbuddhar/dcengr/Desktop/elen/lab9/pong_controller2.v Line: 12
Info (10041): Inferred latch for "s[1]" at pong_controller2.v(12) File: //samba1/sbuddhar/dcengr/Desktop/elen/lab9/pong_controller2.v Line: 12
Info (10041): Inferred latch for "rsi" at pong_controller2.v(12) File: //samba1/sbuddhar/dcengr/Desktop/elen/lab9/pong_controller2.v Line: 12
Info (10041): Inferred latch for "lsi" at pong_controller2.v(12) File: //samba1/sbuddhar/dcengr/Desktop/elen/lab9/pong_controller2.v Line: 12
Info (10041): Inferred latch for "rct" at pong_controller2.v(12) File: //samba1/sbuddhar/dcengr/Desktop/elen/lab9/pong_controller2.v Line: 12
Info (10041): Inferred latch for "lct" at pong_controller2.v(12) File: //samba1/sbuddhar/dcengr/Desktop/elen/lab9/pong_controller2.v Line: 12
Warning (12125): Using design file pong12.v, which is not specified as a design file for the current project, but contains definitions for 1 design units and 1 entities in project
    Info (12023): Found entity 1: pong12 File: //samba1/sbuddhar/dcengr/Desktop/elen/lab9/pong12.v Line: 1
Info (12128): Elaborating entity "pong12" for hierarchy "pong_game12:inst|pong12:p12" File: //samba1/sbuddhar/dcengr/Desktop/elen/lab9/pong_game12.v Line: 14
Warning (12241): 1 hierarchies have connectivity warnings - see the Connectivity Checks report folder
Warning (13012): Latch pong_game12:inst|pong_controller2:pc2|rsi has unsafe behavior File: //samba1/sbuddhar/dcengr/Desktop/elen/lab9/pong_controller2.v Line: 3
    Warning (13013): Ports D and ENA on the latch are fed by the same signal pong_game12:inst|pong_controller2:pc2|curS[3] File: //samba1/sbuddhar/dcengr/Desktop/elen/lab9/pong_controller2.v Line: 118
Warning (13012): Latch pong_game12:inst|pong_controller2:pc2|lsi has unsafe behavior File: //samba1/sbuddhar/dcengr/Desktop/elen/lab9/pong_controller2.v Line: 3
    Warning (13013): Ports D and ENA on the latch are fed by the same signal pong_game12:inst|pong_controller2:pc2|curS[3] File: //samba1/sbuddhar/dcengr/Desktop/elen/lab9/pong_controller2.v Line: 118
Warning (13012): Latch pong_game12:inst|pong_controller2:pc2|lct has unsafe behavior File: //samba1/sbuddhar/dcengr/Desktop/elen/lab9/pong_controller2.v Line: 4
    Warning (13013): Ports D and ENA on the latch are fed by the same signal pong_game12:inst|pong_controller2:pc2|curS[3] File: //samba1/sbuddhar/dcengr/Desktop/elen/lab9/pong_controller2.v Line: 118
Warning (13012): Latch pong_game12:inst|pong_controller2:pc2|rct has unsafe behavior File: //samba1/sbuddhar/dcengr/Desktop/elen/lab9/pong_controller2.v Line: 4
    Warning (13013): Ports D and ENA on the latch are fed by the same signal pong_game12:inst|pong_controller2:pc2|curS[3] File: //samba1/sbuddhar/dcengr/Desktop/elen/lab9/pong_controller2.v Line: 118
Warning (13012): Latch pong_game12:inst|pong_controller2:pc2|nextS[3] has unsafe behavior File: //samba1/sbuddhar/dcengr/Desktop/elen/lab9/pong_controller2.v Line: 12
    Warning (13013): Ports D and ENA on the latch are fed by the same signal pong_game12:inst|pong_controller2:pc2|curS[1] File: //samba1/sbuddhar/dcengr/Desktop/elen/lab9/pong_controller2.v Line: 118
Warning (13012): Latch pong_game12:inst|pong_controller2:pc2|nextS[2] has unsafe behavior File: //samba1/sbuddhar/dcengr/Desktop/elen/lab9/pong_controller2.v Line: 12
    Warning (13013): Ports D and ENA on the latch are fed by the same signal pong_game12:inst|pong_controller2:pc2|curS[3] File: //samba1/sbuddhar/dcengr/Desktop/elen/lab9/pong_controller2.v Line: 118
Warning (13012): Latch pong_game12:inst|pong_controller2:pc2|nextS[1] has unsafe behavior File: //samba1/sbuddhar/dcengr/Desktop/elen/lab9/pong_controller2.v Line: 12
    Warning (13013): Ports D and ENA on the latch are fed by the same signal pong_game12:inst|pong_controller2:pc2|curS[3] File: //samba1/sbuddhar/dcengr/Desktop/elen/lab9/pong_controller2.v Line: 118
Warning (13012): Latch pong_game12:inst|pong_controller2:pc2|nextS[0] has unsafe behavior File: //samba1/sbuddhar/dcengr/Desktop/elen/lab9/pong_controller2.v Line: 12
    Warning (13013): Ports D and ENA on the latch are fed by the same signal pong_game12:inst|pong_controller2:pc2|curS[3] File: //samba1/sbuddhar/dcengr/Desktop/elen/lab9/pong_controller2.v Line: 118
Warning (13012): Latch pong_game12:inst|pong_controller2:pc2|s[1] has unsafe behavior File: //samba1/sbuddhar/dcengr/Desktop/elen/lab9/pong_controller2.v Line: 12
    Warning (13013): Ports D and ENA on the latch are fed by the same signal pong_game12:inst|pong_controller2:pc2|curS[0] File: //samba1/sbuddhar/dcengr/Desktop/elen/lab9/pong_controller2.v Line: 118
Warning (13012): Latch pong_game12:inst|pong_controller2:pc2|s[0] has unsafe behavior File: //samba1/sbuddhar/dcengr/Desktop/elen/lab9/pong_controller2.v Line: 12
    Warning (13013): Ports D and ENA on the latch are fed by the same signal pong_game12:inst|pong_controller2:pc2|curS[0] File: //samba1/sbuddhar/dcengr/Desktop/elen/lab9/pong_controller2.v Line: 118
Info (286030): Timing-Driven Synthesis is running
Info (144001): Generated suppressed messages file //samba1/sbuddhar/dcengr/Desktop/elen/lab9/lab9.map.smsg
Info (16010): Generating hard_block partition "hard_block:auto_generated_inst"
    Info (16011): Adding 0 node(s), including 0 DDIO, 0 PLL, 0 transceiver and 0 LCELL
Warning (21074): Design contains 1 input pin(s) that do not drive logic
    Warning (15610): No output dependent on input pin "SW[5]"
Info (21057): Implemented 149 device resources after synthesis - the final resource count might be different
    Info (21058): Implemented 11 input pins
    Info (21059): Implemented 33 output pins
    Info (21061): Implemented 105 logic cells
Info: Quartus Prime Analysis & Synthesis was successful. 0 errors, 41 warnings
    Info: Peak virtual memory: 4772 megabytes
    Info: Processing ended: Fri Jul 26 15:47:10 2019
    Info: Elapsed time: 00:00:29
    Info: Total CPU time (on all processors): 00:00:26


+------------------------------------------+
; Analysis & Synthesis Suppressed Messages ;
+------------------------------------------+
The suppressed messages can be found in //samba1/sbuddhar/dcengr/Desktop/elen/lab9/lab9.map.smsg.


