Analysis & Synthesis report for lab6
Wed Jul 17 14:30:02 2019
Quartus Prime Version 17.0.2 Build 602 07/19/2017 SJ Lite Edition


---------------------
; Table of Contents ;
---------------------
  1. Legal Notice
  2. Analysis & Synthesis Summary
  3. Analysis & Synthesis Settings
  4. Parallel Compilation
  5. Analysis & Synthesis Source Files Read
  6. Analysis & Synthesis Resource Usage Summary
  7. Analysis & Synthesis Resource Utilization by Entity
  8. General Register Statistics
  9. Multiplexer Restructuring Statistics (Restructuring Performed)
 10. Parameter Settings for User Entity Instance: BUSMUX:inst6
 11. Post-Synthesis Netlist Statistics for Top Partition
 12. Elapsed Time Per Partition
 13. Analysis & Synthesis Messages



----------------
; Legal Notice ;
----------------
Copyright (C) 2017  Intel Corporation. All rights reserved.
Your use of Intel Corporation's design tools, logic functions 
and other software and tools, and its AMPP partner logic 
functions, and any output files from any of the foregoing 
(including device programming or simulation files), and any 
associated documentation or information are expressly subject 
to the terms and conditions of the Intel Program License 
Subscription Agreement, the Intel Quartus Prime License Agreement,
the Intel MegaCore Function License Agreement, or other 
applicable license agreement, including, without limitation, 
that your use is for the sole purpose of programming logic 
devices manufactured by Intel and sold by Intel or its 
authorized distributors.  Please refer to the applicable 
agreement for further details.



+----------------------------------------------------------------------------------+
; Analysis & Synthesis Summary                                                     ;
+------------------------------------+---------------------------------------------+
; Analysis & Synthesis Status        ; Successful - Wed Jul 17 14:30:02 2019       ;
; Quartus Prime Version              ; 17.0.2 Build 602 07/19/2017 SJ Lite Edition ;
; Revision Name                      ; lab6                                        ;
; Top-level Entity Name              ; lab6                                        ;
; Family                             ; Cyclone IV E                                ;
; Total logic elements               ; 50                                          ;
;     Total combinational functions  ; 50                                          ;
;     Dedicated logic registers      ; 4                                           ;
; Total registers                    ; 4                                           ;
; Total pins                         ; 45                                          ;
; Total virtual pins                 ; 0                                           ;
; Total memory bits                  ; 0                                           ;
; Embedded Multiplier 9-bit elements ; 0                                           ;
; Total PLLs                         ; 0                                           ;
+------------------------------------+---------------------------------------------+


+----------------------------------------------------------------------------------------------------------------------+
; Analysis & Synthesis Settings                                                                                        ;
+----------------------------------------------------------------------------+--------------------+--------------------+
; Option                                                                     ; Setting            ; Default Value      ;
+----------------------------------------------------------------------------+--------------------+--------------------+
; Device                                                                     ; EP4CE115F29C8      ;                    ;
; Top-level entity name                                                      ; lab6               ; lab6               ;
; Family name                                                                ; Cyclone IV E       ; Cyclone V          ;
; Use smart compilation                                                      ; Off                ; Off                ;
; Enable parallel Assembler and TimeQuest Timing Analyzer during compilation ; On                 ; On                 ;
; Enable compact report table                                                ; Off                ; Off                ;
; Restructure Multiplexers                                                   ; Auto               ; Auto               ;
; Create Debugging Nodes for IP Cores                                        ; Off                ; Off                ;
; Preserve fewer node names                                                  ; On                 ; On                 ;
; OpenCore Plus hardware evaluation                                          ; Enable             ; Enable             ;
; Verilog Version                                                            ; Verilog_2001       ; Verilog_2001       ;
; VHDL Version                                                               ; VHDL_1993          ; VHDL_1993          ;
; State Machine Processing                                                   ; Auto               ; Auto               ;
; Safe State Machine                                                         ; Off                ; Off                ;
; Extract Verilog State Machines                                             ; On                 ; On                 ;
; Extract VHDL State Machines                                                ; On                 ; On                 ;
; Ignore Verilog initial constructs                                          ; Off                ; Off                ;
; Iteration limit for constant Verilog loops                                 ; 5000               ; 5000               ;
; Iteration limit for non-constant Verilog loops                             ; 250                ; 250                ;
; Add Pass-Through Logic to Inferred RAMs                                    ; On                 ; On                 ;
; Infer RAMs from Raw Logic                                                  ; On                 ; On                 ;
; Parallel Synthesis                                                         ; On                 ; On                 ;
; DSP Block Balancing                                                        ; Auto               ; Auto               ;
; NOT Gate Push-Back                                                         ; On                 ; On                 ;
; Power-Up Don't Care                                                        ; On                 ; On                 ;
; Remove Redundant Logic Cells                                               ; Off                ; Off                ;
; Remove Duplicate Registers                                                 ; On                 ; On                 ;
; Ignore CARRY Buffers                                                       ; Off                ; Off                ;
; Ignore CASCADE Buffers                                                     ; Off                ; Off                ;
; Ignore GLOBAL Buffers                                                      ; Off                ; Off                ;
; Ignore ROW GLOBAL Buffers                                                  ; Off                ; Off                ;
; Ignore LCELL Buffers                                                       ; Off                ; Off                ;
; Ignore SOFT Buffers                                                        ; On                 ; On                 ;
; Limit AHDL Integers to 32 Bits                                             ; Off                ; Off                ;
; Optimization Technique                                                     ; Balanced           ; Balanced           ;
; Carry Chain Length                                                         ; 70                 ; 70                 ;
; Auto Carry Chains                                                          ; On                 ; On                 ;
; Auto Open-Drain Pins                                                       ; On                 ; On                 ;
; Perform WYSIWYG Primitive Resynthesis                                      ; Off                ; Off                ;
; Auto ROM Replacement                                                       ; On                 ; On                 ;
; Auto RAM Replacement                                                       ; On                 ; On                 ;
; Auto DSP Block Replacement                                                 ; On                 ; On                 ;
; Auto Shift Register Replacement                                            ; Auto               ; Auto               ;
; Allow Shift Register Merging across Hierarchies                            ; Auto               ; Auto               ;
; Auto Clock Enable Replacement                                              ; On                 ; On                 ;
; Strict RAM Replacement                                                     ; Off                ; Off                ;
; Allow Synchronous Control Signals                                          ; On                 ; On                 ;
; Force Use of Synchronous Clear Signals                                     ; Off                ; Off                ;
; Auto RAM Block Balancing                                                   ; On                 ; On                 ;
; Auto RAM to Logic Cell Conversion                                          ; Off                ; Off                ;
; Auto Resource Sharing                                                      ; Off                ; Off                ;
; Allow Any RAM Size For Recognition                                         ; Off                ; Off                ;
; Allow Any ROM Size For Recognition                                         ; Off                ; Off                ;
; Allow Any Shift Register Size For Recognition                              ; Off                ; Off                ;
; Use LogicLock Constraints during Resource Balancing                        ; On                 ; On                 ;
; Ignore translate_off and synthesis_off directives                          ; Off                ; Off                ;
; Timing-Driven Synthesis                                                    ; On                 ; On                 ;
; Report Parameter Settings                                                  ; On                 ; On                 ;
; Report Source Assignments                                                  ; On                 ; On                 ;
; Report Connectivity Checks                                                 ; On                 ; On                 ;
; Ignore Maximum Fan-Out Assignments                                         ; Off                ; Off                ;
; Synchronization Register Chain Length                                      ; 2                  ; 2                  ;
; PowerPlay Power Optimization During Synthesis                              ; Normal compilation ; Normal compilation ;
; HDL message level                                                          ; Level2             ; Level2             ;
; Suppress Register Optimization Related Messages                            ; Off                ; Off                ;
; Number of Removed Registers Reported in Synthesis Report                   ; 5000               ; 5000               ;
; Number of Swept Nodes Reported in Synthesis Report                         ; 5000               ; 5000               ;
; Number of Inverted Registers Reported in Synthesis Report                  ; 100                ; 100                ;
; Clock MUX Protection                                                       ; On                 ; On                 ;
; Auto Gated Clock Conversion                                                ; Off                ; Off                ;
; Block Design Naming                                                        ; Auto               ; Auto               ;
; SDC constraint protection                                                  ; Off                ; Off                ;
; Synthesis Effort                                                           ; Auto               ; Auto               ;
; Shift Register Replacement - Allow Asynchronous Clear Signal               ; On                 ; On                 ;
; Pre-Mapping Resynthesis Optimization                                       ; Off                ; Off                ;
; Analysis & Synthesis Message Level                                         ; Medium             ; Medium             ;
; Disable Register Merging Across Hierarchies                                ; Auto               ; Auto               ;
; Resource Aware Inference For Block RAM                                     ; On                 ; On                 ;
+----------------------------------------------------------------------------+--------------------+--------------------+


+------------------------------------------+
; Parallel Compilation                     ;
+----------------------------+-------------+
; Processors                 ; Number      ;
+----------------------------+-------------+
; Number detected on machine ; 4           ;
; Maximum allowed            ; 4           ;
;                            ;             ;
; Average used               ; 1.00        ;
; Maximum used               ; 4           ;
;                            ;             ;
; Usage by Processor         ; % Time Used ;
;     Processor 1            ; 100.0%      ;
;     Processors 2-4         ;   0.0%      ;
+----------------------------+-------------+


+----------------------------------------------------------------------------------------------------------------------------------------------------------------------------------------------------------------+
; Analysis & Synthesis Source Files Read                                                                                                                                                                         ;
+------------------------------------------------------------+-----------------+------------------------------------------+----------------------------------------------------------------------------+---------+
; File Name with User-Entered Path                           ; Used in Netlist ; File Type                                ; File Name with Absolute Path                                               ; Library ;
+------------------------------------------------------------+-----------------+------------------------------------------+----------------------------------------------------------------------------+---------+
; //samba1/sbuddhar/dcengr/Desktop/elen/lab6/realbustowire.v ; yes             ; User Verilog HDL File                    ; //samba1/sbuddhar/dcengr/Desktop/elen/lab6/realbustowire.v                 ;         ;
; //samba1/sbuddhar/dcengr/Desktop/elen/lab6/realwiretobus.v ; yes             ; User Verilog HDL File                    ; //samba1/sbuddhar/dcengr/Desktop/elen/lab6/realwiretobus.v                 ;         ;
; lab6.bdf                                                   ; yes             ; Auto-Found Block Diagram/Schematic File  ; //samba1/sbuddhar/dcengr/Desktop/elen/lab6/lab6.bdf                        ;         ;
; lab5_display.v                                             ; yes             ; Auto-Found Verilog HDL File              ; //samba1/sbuddhar/dcengr/Desktop/elen/lab6/lab5_display.v                  ;         ;
; myalu4.v                                                   ; yes             ; Auto-Found Verilog HDL File              ; //samba1/sbuddhar/dcengr/Desktop/elen/lab6/myalu4.v                        ;         ;
; myadder4.v                                                 ; yes             ; Auto-Found Verilog HDL File              ; //samba1/sbuddhar/dcengr/Desktop/elen/lab6/myadder4.v                      ;         ;
; myfulladd.v                                                ; yes             ; Auto-Found Verilog HDL File              ; //samba1/sbuddhar/dcengr/Desktop/elen/lab6/myfulladd.v                     ;         ;
; busmux.tdf                                                 ; yes             ; Megafunction                             ; c:/apps/intelfpga_lite/17.0/quartus/libraries/megafunctions/busmux.tdf     ;         ;
; lpm_mux.inc                                                ; yes             ; Megafunction                             ; c:/apps/intelfpga_lite/17.0/quartus/libraries/megafunctions/lpm_mux.inc    ;         ;
; lpm_mux.tdf                                                ; yes             ; Megafunction                             ; c:/apps/intelfpga_lite/17.0/quartus/libraries/megafunctions/lpm_mux.tdf    ;         ;
; aglobal170.inc                                             ; yes             ; Megafunction                             ; c:/apps/intelfpga_lite/17.0/quartus/libraries/megafunctions/aglobal170.inc ;         ;
; muxlut.inc                                                 ; yes             ; Megafunction                             ; c:/apps/intelfpga_lite/17.0/quartus/libraries/megafunctions/muxlut.inc     ;         ;
; bypassff.inc                                               ; yes             ; Megafunction                             ; c:/apps/intelfpga_lite/17.0/quartus/libraries/megafunctions/bypassff.inc   ;         ;
; altshift.inc                                               ; yes             ; Megafunction                             ; c:/apps/intelfpga_lite/17.0/quartus/libraries/megafunctions/altshift.inc   ;         ;
; mux_arc.tdf                                                ; yes             ; Auto-Found AHDL File                     ; //samba1/sbuddhar/dcengr/Desktop/elen/lab6/db/mux_arc.tdf                  ;         ;
; 8dff.bdf                                                   ; yes             ; Megafunction                             ; c:/apps/intelfpga_lite/17.0/quartus/libraries/others/maxplus2/8dff.bdf     ;         ;
+------------------------------------------------------------+-----------------+------------------------------------------+----------------------------------------------------------------------------+---------+


+-----------------------------------------------------------+
; Analysis & Synthesis Resource Usage Summary               ;
+---------------------------------------------+-------------+
; Resource                                    ; Usage       ;
+---------------------------------------------+-------------+
; Estimated Total logic elements              ; 50          ;
;                                             ;             ;
; Total combinational functions               ; 50          ;
; Logic element usage by number of LUT inputs ;             ;
;     -- 4 input functions                    ; 39          ;
;     -- 3 input functions                    ; 11          ;
;     -- <=2 input functions                  ; 0           ;
;                                             ;             ;
; Logic elements by mode                      ;             ;
;     -- normal mode                          ; 50          ;
;     -- arithmetic mode                      ; 0           ;
;                                             ;             ;
; Total registers                             ; 4           ;
;     -- Dedicated logic registers            ; 4           ;
;     -- I/O registers                        ; 0           ;
;                                             ;             ;
; I/O pins                                    ; 45          ;
;                                             ;             ;
; Embedded Multiplier 9-bit elements          ; 0           ;
;                                             ;             ;
; Maximum fan-out node                        ; SW[2]~input ;
; Maximum fan-out                             ; 10          ;
; Total fan-out                               ; 273         ;
; Average fan-out                             ; 1.90        ;
+---------------------------------------------+-------------+


+----------------------------------------------------------------------------------------------------------------------------------------------------------------------------------------------------------------------------------+
; Analysis & Synthesis Resource Utilization by Entity                                                                                                                                                                              ;
+----------------------------+---------------------+---------------------------+-------------+--------------+---------+-----------+------+--------------+--------------------------------------------+--------------+--------------+
; Compilation Hierarchy Node ; Combinational ALUTs ; Dedicated Logic Registers ; Memory Bits ; DSP Elements ; DSP 9x9 ; DSP 18x18 ; Pins ; Virtual Pins ; Full Hierarchy Name                        ; Entity Name  ; Library Name ;
+----------------------------+---------------------+---------------------------+-------------+--------------+---------+-----------+------+--------------+--------------------------------------------+--------------+--------------+
; |lab6                      ; 50 (0)              ; 4 (0)                     ; 0           ; 0            ; 0       ; 0         ; 45   ; 0            ; |lab6                                      ; lab6         ; work         ;
;    |8dff:inst5|            ; 0 (0)               ; 4 (4)                     ; 0           ; 0            ; 0       ; 0         ; 0    ; 0            ; |lab6|8dff:inst5                           ; 8dff         ; work         ;
;    |Lab5_display:inst2|    ; 7 (7)               ; 0 (0)                     ; 0           ; 0            ; 0       ; 0         ; 0    ; 0            ; |lab6|Lab5_display:inst2                   ; Lab5_display ; work         ;
;    |Lab5_display:inst3|    ; 7 (7)               ; 0 (0)                     ; 0           ; 0            ; 0       ; 0         ; 0    ; 0            ; |lab6|Lab5_display:inst3                   ; Lab5_display ; work         ;
;    |Lab5_display:inst4|    ; 7 (7)               ; 0 (0)                     ; 0           ; 0            ; 0       ; 0         ; 0    ; 0            ; |lab6|Lab5_display:inst4                   ; Lab5_display ; work         ;
;    |Lab5_display:inst7|    ; 7 (7)               ; 0 (0)                     ; 0           ; 0            ; 0       ; 0         ; 0    ; 0            ; |lab6|Lab5_display:inst7                   ; Lab5_display ; work         ;
;    |myALU4:inst|           ; 22 (12)             ; 0 (0)                     ; 0           ; 0            ; 0       ; 0         ; 0    ; 0            ; |lab6|myALU4:inst                          ; myALU4       ; work         ;
;       |myadder4:u1|        ; 10 (1)              ; 0 (0)                     ; 0           ; 0            ; 0       ; 0         ; 0    ; 0            ; |lab6|myALU4:inst|myadder4:u1              ; myadder4     ; work         ;
;          |myfulladd:u1|    ; 2 (2)               ; 0 (0)                     ; 0           ; 0            ; 0       ; 0         ; 0    ; 0            ; |lab6|myALU4:inst|myadder4:u1|myfulladd:u1 ; myfulladd    ; work         ;
;          |myfulladd:u2|    ; 2 (2)               ; 0 (0)                     ; 0           ; 0            ; 0       ; 0         ; 0    ; 0            ; |lab6|myALU4:inst|myadder4:u1|myfulladd:u2 ; myfulladd    ; work         ;
;          |myfulladd:u3|    ; 2 (2)               ; 0 (0)                     ; 0           ; 0            ; 0       ; 0         ; 0    ; 0            ; |lab6|myALU4:inst|myadder4:u1|myfulladd:u3 ; myfulladd    ; work         ;
;          |myfulladd:u4|    ; 3 (3)               ; 0 (0)                     ; 0           ; 0            ; 0       ; 0         ; 0    ; 0            ; |lab6|myALU4:inst|myadder4:u1|myfulladd:u4 ; myfulladd    ; work         ;
+----------------------------+---------------------+---------------------------+-------------+--------------+---------+-----------+------+--------------+--------------------------------------------+--------------+--------------+
Note: For table entries with two numbers listed, the numbers in parentheses indicate the number of resources of the given type used by the specific entity alone. The numbers listed outside of parentheses indicate the total resources of the given type used by the specific entity and all of its sub-entities in the hierarchy.


+------------------------------------------------------+
; General Register Statistics                          ;
+----------------------------------------------+-------+
; Statistic                                    ; Value ;
+----------------------------------------------+-------+
; Total registers                              ; 4     ;
; Number of registers using Synchronous Clear  ; 0     ;
; Number of registers using Synchronous Load   ; 0     ;
; Number of registers using Asynchronous Clear ; 0     ;
; Number of registers using Asynchronous Load  ; 0     ;
; Number of registers using Clock Enable       ; 0     ;
; Number of registers using Preset             ; 0     ;
+----------------------------------------------+-------+


+------------------------------------------------------------------------------------------------------------------------------------------+
; Multiplexer Restructuring Statistics (Restructuring Performed)                                                                           ;
+--------------------+-----------+---------------+----------------------+------------------------+------------+----------------------------+
; Multiplexer Inputs ; Bus Width ; Baseline Area ; Area if Restructured ; Saving if Restructured ; Registered ; Example Multiplexer Output ;
+--------------------+-----------+---------------+----------------------+------------------------+------------+----------------------------+
; 8:1                ; 4 bits    ; 20 LEs        ; 16 LEs               ; 4 LEs                  ; No         ; |lab6|myALU4:inst|Mux0     ;
+--------------------+-----------+---------------+----------------------+------------------------+------------+----------------------------+


+-----------------------------------------------------------+
; Parameter Settings for User Entity Instance: BUSMUX:inst6 ;
+----------------+-------+----------------------------------+
; Parameter Name ; Value ; Type                             ;
+----------------+-------+----------------------------------+
; WIDTH          ; 4     ; Signed Integer                   ;
+----------------+-------+----------------------------------+
Note: In order to hide this table in the UI and the text report file, please set the "Show Parameter Settings in Synthesis Report" option in "Analysis and Synthesis Settings -> More Settings" to "Off".


+-----------------------------------------------------+
; Post-Synthesis Netlist Statistics for Top Partition ;
+-----------------------+-----------------------------+
; Type                  ; Count                       ;
+-----------------------+-----------------------------+
; boundary_port         ; 45                          ;
; cycloneiii_ff         ; 4                           ;
;     plain             ; 4                           ;
; cycloneiii_lcell_comb ; 55                          ;
;     normal            ; 55                          ;
;         1 data inputs ; 5                           ;
;         3 data inputs ; 11                          ;
;         4 data inputs ; 39                          ;
;                       ;                             ;
; Max LUT depth         ; 7.00                        ;
; Average LUT depth     ; 4.32                        ;
+-----------------------+-----------------------------+


+-------------------------------+
; Elapsed Time Per Partition    ;
+----------------+--------------+
; Partition Name ; Elapsed Time ;
+----------------+--------------+
; Top            ; 00:00:00     ;
+----------------+--------------+


+-------------------------------+
; Analysis & Synthesis Messages ;
+-------------------------------+
Info: *******************************************************************
Info: Running Quartus Prime Analysis & Synthesis
    Info: Version 17.0.2 Build 602 07/19/2017 SJ Lite Edition
    Info: Processing started: Wed Jul 17 14:29:45 2019
Info: Command: quartus_map --read_settings_files=on --write_settings_files=off lab6 -c lab6
Warning (18236): Number of processors has not been specified which may cause overloading on shared machines.  Set the global assignment NUM_PARALLEL_PROCESSORS in your QSF to an appropriate value for best performance.
Info (20030): Parallel compilation is enabled and will use 4 of the 4 processors detected
Info (12021): Found 1 design units, including 1 entities, in source file verilog6.v
    Info (12023): Found entity 1: wire_to_bus File: //samba1/sbuddhar/dcengr/Desktop/elen/lab6/Verilog6.v Line: 1
Info (12021): Found 1 design units, including 1 entities, in source file realbustowire.v
    Info (12023): Found entity 1: realbustowire File: //samba1/sbuddhar/dcengr/Desktop/elen/lab6/realbustowire.v Line: 1
Info (12021): Found 1 design units, including 1 entities, in source file realwiretobus.v
    Info (12023): Found entity 1: realwiretobus File: //samba1/sbuddhar/dcengr/Desktop/elen/lab6/realwiretobus.v Line: 1
Warning (12125): Using design file lab6.bdf, which is not specified as a design file for the current project, but contains definitions for 1 design units and 1 entities in project
    Info (12023): Found entity 1: lab6
Info (12127): Elaborating entity "lab6" for the top level hierarchy
Warning (12125): Using design file lab5_display.v, which is not specified as a design file for the current project, but contains definitions for 1 design units and 1 entities in project
    Info (12023): Found entity 1: Lab5_display File: //samba1/sbuddhar/dcengr/Desktop/elen/lab6/lab5_display.v Line: 1
Info (12128): Elaborating entity "Lab5_display" for hierarchy "Lab5_display:inst2"
Warning (12125): Using design file myalu4.v, which is not specified as a design file for the current project, but contains definitions for 1 design units and 1 entities in project
    Info (12023): Found entity 1: myALU4 File: //samba1/sbuddhar/dcengr/Desktop/elen/lab6/myalu4.v Line: 1
Info (12128): Elaborating entity "myALU4" for hierarchy "myALU4:inst"
Warning (10235): Verilog HDL Always Construct warning at myalu4.v(18): variable "B" is read inside the Always Construct but isn't in the Always Construct's Event Control File: //samba1/sbuddhar/dcengr/Desktop/elen/lab6/myalu4.v Line: 18
Warning (10235): Verilog HDL Always Construct warning at myalu4.v(21): variable "B" is read inside the Always Construct but isn't in the Always Construct's Event Control File: //samba1/sbuddhar/dcengr/Desktop/elen/lab6/myalu4.v Line: 21
Warning (10235): Verilog HDL Always Construct warning at myalu4.v(22): variable "C0" is read inside the Always Construct but isn't in the Always Construct's Event Control File: //samba1/sbuddhar/dcengr/Desktop/elen/lab6/myalu4.v Line: 22
Warning (10235): Verilog HDL Always Construct warning at myalu4.v(25): variable "B" is read inside the Always Construct but isn't in the Always Construct's Event Control File: //samba1/sbuddhar/dcengr/Desktop/elen/lab6/myalu4.v Line: 25
Warning (10235): Verilog HDL Always Construct warning at myalu4.v(30): variable "C0" is read inside the Always Construct but isn't in the Always Construct's Event Control File: //samba1/sbuddhar/dcengr/Desktop/elen/lab6/myalu4.v Line: 30
Warning (10235): Verilog HDL Always Construct warning at myalu4.v(38): variable "C0" is read inside the Always Construct but isn't in the Always Construct's Event Control File: //samba1/sbuddhar/dcengr/Desktop/elen/lab6/myalu4.v Line: 38
Warning (10235): Verilog HDL Always Construct warning at myalu4.v(42): variable "C0" is read inside the Always Construct but isn't in the Always Construct's Event Control File: //samba1/sbuddhar/dcengr/Desktop/elen/lab6/myalu4.v Line: 42
Warning (10235): Verilog HDL Always Construct warning at myalu4.v(45): variable "B" is read inside the Always Construct but isn't in the Always Construct's Event Control File: //samba1/sbuddhar/dcengr/Desktop/elen/lab6/myalu4.v Line: 45
Warning (10235): Verilog HDL Always Construct warning at myalu4.v(46): variable "C0" is read inside the Always Construct but isn't in the Always Construct's Event Control File: //samba1/sbuddhar/dcengr/Desktop/elen/lab6/myalu4.v Line: 46
Warning (12125): Using design file myadder4.v, which is not specified as a design file for the current project, but contains definitions for 1 design units and 1 entities in project
    Info (12023): Found entity 1: myadder4 File: //samba1/sbuddhar/dcengr/Desktop/elen/lab6/myadder4.v Line: 1
Info (12128): Elaborating entity "myadder4" for hierarchy "myALU4:inst|myadder4:u1" File: //samba1/sbuddhar/dcengr/Desktop/elen/lab6/myalu4.v Line: 50
Warning (12125): Using design file myfulladd.v, which is not specified as a design file for the current project, but contains definitions for 1 design units and 1 entities in project
    Info (12023): Found entity 1: myfulladd File: //samba1/sbuddhar/dcengr/Desktop/elen/lab6/myfulladd.v Line: 1
Info (12128): Elaborating entity "myfulladd" for hierarchy "myALU4:inst|myadder4:u1|myfulladd:u1" File: //samba1/sbuddhar/dcengr/Desktop/elen/lab6/myadder4.v Line: 9
Info (12128): Elaborating entity "BUSMUX" for hierarchy "BUSMUX:inst6"
Info (12130): Elaborated megafunction instantiation "BUSMUX:inst6"
Info (12133): Instantiated megafunction "BUSMUX:inst6" with the following parameter:
    Info (12134): Parameter "WIDTH" = "4"
Info (12128): Elaborating entity "lpm_mux" for hierarchy "BUSMUX:inst6|lpm_mux:$00000" File: c:/apps/intelfpga_lite/17.0/quartus/libraries/megafunctions/busmux.tdf Line: 44
Info (12131): Elaborated megafunction instantiation "BUSMUX:inst6|lpm_mux:$00000", which is child of megafunction instantiation "BUSMUX:inst6" File: c:/apps/intelfpga_lite/17.0/quartus/libraries/megafunctions/busmux.tdf Line: 44
Warning (12125): Using design file db/mux_arc.tdf, which is not specified as a design file for the current project, but contains definitions for 1 design units and 1 entities in project
    Info (12023): Found entity 1: mux_arc File: //samba1/sbuddhar/dcengr/Desktop/elen/lab6/db/mux_arc.tdf Line: 23
Info (12128): Elaborating entity "mux_arc" for hierarchy "BUSMUX:inst6|lpm_mux:$00000|mux_arc:auto_generated" File: c:/apps/intelfpga_lite/17.0/quartus/libraries/megafunctions/lpm_mux.tdf Line: 87
Info (12128): Elaborating entity "realbustowire" for hierarchy "realbustowire:inst11"
Info (12128): Elaborating entity "realwiretobus" for hierarchy "realwiretobus:inst9"
Info (12128): Elaborating entity "8dff" for hierarchy "8dff:inst5"
Info (12130): Elaborated megafunction instantiation "8dff:inst5"
Info (286030): Timing-Driven Synthesis is running
Info (16010): Generating hard_block partition "hard_block:auto_generated_inst"
    Info (16011): Adding 0 node(s), including 0 DDIO, 0 PLL, 0 transceiver and 0 LCELL
Info (21057): Implemented 99 device resources after synthesis - the final resource count might be different
    Info (21058): Implemented 14 input pins
    Info (21059): Implemented 31 output pins
    Info (21061): Implemented 54 logic cells
Info: Quartus Prime Analysis & Synthesis was successful. 0 errors, 16 warnings
    Info: Peak virtual memory: 4774 megabytes
    Info: Processing ended: Wed Jul 17 14:30:02 2019
    Info: Elapsed time: 00:00:17
    Info: Total CPU time (on all processors): 00:00:26


