Analysis & Synthesis report for lab7
Wed Jul 17 16:44:15 2019
Quartus Prime Version 17.0.2 Build 602 07/19/2017 SJ Lite Edition


---------------------
; Table of Contents ;
---------------------
  1. Legal Notice
  2. Analysis & Synthesis Summary
  3. Analysis & Synthesis Settings
  4. Parallel Compilation
  5. Analysis & Synthesis Source Files Read
  6. Analysis & Synthesis Resource Usage Summary
  7. Analysis & Synthesis Resource Utilization by Entity
  8. Registers Removed During Synthesis
  9. General Register Statistics
 10. Inverted Register Statistics
 11. Post-Synthesis Netlist Statistics for Top Partition
 12. Elapsed Time Per Partition
 13. Analysis & Synthesis Messages



----------------
; Legal Notice ;
----------------
Copyright (C) 2017  Intel Corporation. All rights reserved.
Your use of Intel Corporation's design tools, logic functions 
and other software and tools, and its AMPP partner logic 
functions, and any output files from any of the foregoing 
(including device programming or simulation files), and any 
associated documentation or information are expressly subject 
to the terms and conditions of the Intel Program License 
Subscription Agreement, the Intel Quartus Prime License Agreement,
the Intel MegaCore Function License Agreement, or other 
applicable license agreement, including, without limitation, 
that your use is for the sole purpose of programming logic 
devices manufactured by Intel and sold by Intel or its 
authorized distributors.  Please refer to the applicable 
agreement for further details.



+----------------------------------------------------------------------------------+
; Analysis & Synthesis Summary                                                     ;
+------------------------------------+---------------------------------------------+
; Analysis & Synthesis Status        ; Successful - Wed Jul 17 16:44:15 2019       ;
; Quartus Prime Version              ; 17.0.2 Build 602 07/19/2017 SJ Lite Edition ;
; Revision Name                      ; lab7                                        ;
; Top-level Entity Name              ; lab7                                        ;
; Family                             ; Cyclone IV E                                ;
; Total logic elements               ; 100                                         ;
;     Total combinational functions  ; 100                                         ;
;     Dedicated logic registers      ; 56                                          ;
; Total registers                    ; 56                                          ;
; Total pins                         ; 22                                          ;
; Total virtual pins                 ; 0                                           ;
; Total memory bits                  ; 0                                           ;
; Embedded Multiplier 9-bit elements ; 0                                           ;
; Total PLLs                         ; 0                                           ;
+------------------------------------+---------------------------------------------+


+----------------------------------------------------------------------------------------------------------------------+
; Analysis & Synthesis Settings                                                                                        ;
+----------------------------------------------------------------------------+--------------------+--------------------+
; Option                                                                     ; Setting            ; Default Value      ;
+----------------------------------------------------------------------------+--------------------+--------------------+
; Device                                                                     ; EP4CE115F29C8      ;                    ;
; Top-level entity name                                                      ; lab7               ; lab7               ;
; Family name                                                                ; Cyclone IV E       ; Cyclone V          ;
; Use smart compilation                                                      ; Off                ; Off                ;
; Enable parallel Assembler and TimeQuest Timing Analyzer during compilation ; On                 ; On                 ;
; Enable compact report table                                                ; Off                ; Off                ;
; Restructure Multiplexers                                                   ; Auto               ; Auto               ;
; Create Debugging Nodes for IP Cores                                        ; Off                ; Off                ;
; Preserve fewer node names                                                  ; On                 ; On                 ;
; OpenCore Plus hardware evaluation                                          ; Enable             ; Enable             ;
; Verilog Version                                                            ; Verilog_2001       ; Verilog_2001       ;
; VHDL Version                                                               ; VHDL_1993          ; VHDL_1993          ;
; State Machine Processing                                                   ; Auto               ; Auto               ;
; Safe State Machine                                                         ; Off                ; Off                ;
; Extract Verilog State Machines                                             ; On                 ; On                 ;
; Extract VHDL State Machines                                                ; On                 ; On                 ;
; Ignore Verilog initial constructs                                          ; Off                ; Off                ;
; Iteration limit for constant Verilog loops                                 ; 5000               ; 5000               ;
; Iteration limit for non-constant Verilog loops                             ; 250                ; 250                ;
; Add Pass-Through Logic to Inferred RAMs                                    ; On                 ; On                 ;
; Infer RAMs from Raw Logic                                                  ; On                 ; On                 ;
; Parallel Synthesis                                                         ; On                 ; On                 ;
; DSP Block Balancing                                                        ; Auto               ; Auto               ;
; NOT Gate Push-Back                                                         ; On                 ; On                 ;
; Power-Up Don't Care                                                        ; On                 ; On                 ;
; Remove Redundant Logic Cells                                               ; Off                ; Off                ;
; Remove Duplicate Registers                                                 ; On                 ; On                 ;
; Ignore CARRY Buffers                                                       ; Off                ; Off                ;
; Ignore CASCADE Buffers                                                     ; Off                ; Off                ;
; Ignore GLOBAL Buffers                                                      ; Off                ; Off                ;
; Ignore ROW GLOBAL Buffers                                                  ; Off                ; Off                ;
; Ignore LCELL Buffers                                                       ; Off                ; Off                ;
; Ignore SOFT Buffers                                                        ; On                 ; On                 ;
; Limit AHDL Integers to 32 Bits                                             ; Off                ; Off                ;
; Optimization Technique                                                     ; Balanced           ; Balanced           ;
; Carry Chain Length                                                         ; 70                 ; 70                 ;
; Auto Carry Chains                                                          ; On                 ; On                 ;
; Auto Open-Drain Pins                                                       ; On                 ; On                 ;
; Perform WYSIWYG Primitive Resynthesis                                      ; Off                ; Off                ;
; Auto ROM Replacement                                                       ; On                 ; On                 ;
; Auto RAM Replacement                                                       ; On                 ; On                 ;
; Auto DSP Block Replacement                                                 ; On                 ; On                 ;
; Auto Shift Register Replacement                                            ; Auto               ; Auto               ;
; Allow Shift Register Merging across Hierarchies                            ; Auto               ; Auto               ;
; Auto Clock Enable Replacement                                              ; On                 ; On                 ;
; Strict RAM Replacement                                                     ; Off                ; Off                ;
; Allow Synchronous Control Signals                                          ; On                 ; On                 ;
; Force Use of Synchronous Clear Signals                                     ; Off                ; Off                ;
; Auto RAM Block Balancing                                                   ; On                 ; On                 ;
; Auto RAM to Logic Cell Conversion                                          ; Off                ; Off                ;
; Auto Resource Sharing                                                      ; Off                ; Off                ;
; Allow Any RAM Size For Recognition                                         ; Off                ; Off                ;
; Allow Any ROM Size For Recognition                                         ; Off                ; Off                ;
; Allow Any Shift Register Size For Recognition                              ; Off                ; Off                ;
; Use LogicLock Constraints during Resource Balancing                        ; On                 ; On                 ;
; Ignore translate_off and synthesis_off directives                          ; Off                ; Off                ;
; Timing-Driven Synthesis                                                    ; On                 ; On                 ;
; Report Parameter Settings                                                  ; On                 ; On                 ;
; Report Source Assignments                                                  ; On                 ; On                 ;
; Report Connectivity Checks                                                 ; On                 ; On                 ;
; Ignore Maximum Fan-Out Assignments                                         ; Off                ; Off                ;
; Synchronization Register Chain Length                                      ; 2                  ; 2                  ;
; PowerPlay Power Optimization During Synthesis                              ; Normal compilation ; Normal compilation ;
; HDL message level                                                          ; Level2             ; Level2             ;
; Suppress Register Optimization Related Messages                            ; Off                ; Off                ;
; Number of Removed Registers Reported in Synthesis Report                   ; 5000               ; 5000               ;
; Number of Swept Nodes Reported in Synthesis Report                         ; 5000               ; 5000               ;
; Number of Inverted Registers Reported in Synthesis Report                  ; 100                ; 100                ;
; Clock MUX Protection                                                       ; On                 ; On                 ;
; Auto Gated Clock Conversion                                                ; Off                ; Off                ;
; Block Design Naming                                                        ; Auto               ; Auto               ;
; SDC constraint protection                                                  ; Off                ; Off                ;
; Synthesis Effort                                                           ; Auto               ; Auto               ;
; Shift Register Replacement - Allow Asynchronous Clear Signal               ; On                 ; On                 ;
; Pre-Mapping Resynthesis Optimization                                       ; Off                ; Off                ;
; Analysis & Synthesis Message Level                                         ; Medium             ; Medium             ;
; Disable Register Merging Across Hierarchies                                ; Auto               ; Auto               ;
; Resource Aware Inference For Block RAM                                     ; On                 ; On                 ;
+----------------------------------------------------------------------------+--------------------+--------------------+


+------------------------------------------+
; Parallel Compilation                     ;
+----------------------------+-------------+
; Processors                 ; Number      ;
+----------------------------+-------------+
; Number detected on machine ; 4           ;
; Maximum allowed            ; 4           ;
;                            ;             ;
; Average used               ; 1.00        ;
; Maximum used               ; 4           ;
;                            ;             ;
; Usage by Processor         ; % Time Used ;
;     Processor 1            ; 100.0%      ;
;     Processor 2            ;   0.0%      ;
;     Processors 3-4         ;   0.0%      ;
+----------------------------+-------------+


+--------------------------------------------------------------------------------------------------------------------------------------------------------------------------------------------+
; Analysis & Synthesis Source Files Read                                                                                                                                                     ;
+--------------------------------------------------------+-----------------+------------------------------------------+------------------------------------------------------------+---------+
; File Name with User-Entered Path                       ; Used in Netlist ; File Type                                ; File Name with Absolute Path                               ; Library ;
+--------------------------------------------------------+-----------------+------------------------------------------+------------------------------------------------------------+---------+
; //samba1/sbuddhar/dcengr/Desktop/elen/lab7/conv.v      ; yes             ; User Verilog HDL File                    ; //samba1/sbuddhar/dcengr/Desktop/elen/lab7/conv.v          ;         ;
; //samba1/sbuddhar/dcengr/Desktop/elen/lab7/3bcounter.v ; yes             ; User Verilog HDL File                    ; //samba1/sbuddhar/dcengr/Desktop/elen/lab7/3bcounter.v     ;         ;
; lab7.bdf                                               ; yes             ; Auto-Found Block Diagram/Schematic File  ; //samba1/sbuddhar/dcengr/Desktop/elen/lab7/lab7.bdf        ;         ;
; lab5_display.v                                         ; yes             ; Auto-Found Verilog HDL File              ; //samba1/sbuddhar/dcengr/Desktop/elen/lab7/lab5_display.v  ;         ;
; clock_module.v                                         ; yes             ; Auto-Found Verilog HDL File              ; //samba1/sbuddhar/dcengr/Desktop/elen/lab7/clock_module.v  ;         ;
; clock_counter.v                                        ; yes             ; Auto-Found Verilog HDL File              ; //samba1/sbuddhar/dcengr/Desktop/elen/lab7/clock_counter.v ;         ;
; winlose.v                                              ; yes             ; Auto-Found Verilog HDL File              ; //samba1/sbuddhar/dcengr/Desktop/elen/lab7/winlose.v       ;         ;
+--------------------------------------------------------+-----------------+------------------------------------------+------------------------------------------------------------+---------+


+--------------------------------------------------------------+
; Analysis & Synthesis Resource Usage Summary                  ;
+---------------------------------------------+----------------+
; Resource                                    ; Usage          ;
+---------------------------------------------+----------------+
; Estimated Total logic elements              ; 100            ;
;                                             ;                ;
; Total combinational functions               ; 100            ;
; Logic element usage by number of LUT inputs ;                ;
;     -- 4 input functions                    ; 16             ;
;     -- 3 input functions                    ; 27             ;
;     -- <=2 input functions                  ; 57             ;
;                                             ;                ;
; Logic elements by mode                      ;                ;
;     -- normal mode                          ; 61             ;
;     -- arithmetic mode                      ; 39             ;
;                                             ;                ;
; Total registers                             ; 56             ;
;     -- Dedicated logic registers            ; 56             ;
;     -- I/O registers                        ; 0              ;
;                                             ;                ;
; I/O pins                                    ; 22             ;
;                                             ;                ;
; Embedded Multiplier 9-bit elements          ; 0              ;
;                                             ;                ;
; Maximum fan-out node                        ; CLOCK_50~input ;
; Maximum fan-out                             ; 36             ;
; Total fan-out                               ; 411            ;
; Average fan-out                             ; 2.06           ;
+---------------------------------------------+----------------+


+---------------------------------------------------------------------------------------------------------------------------------------------------------------------------------------------------------------------------------+
; Analysis & Synthesis Resource Utilization by Entity                                                                                                                                                                             ;
+----------------------------+---------------------+---------------------------+-------------+--------------+---------+-----------+------+--------------+------------------------------------------+---------------+--------------+
; Compilation Hierarchy Node ; Combinational ALUTs ; Dedicated Logic Registers ; Memory Bits ; DSP Elements ; DSP 9x9 ; DSP 18x18 ; Pins ; Virtual Pins ; Full Hierarchy Name                      ; Entity Name   ; Library Name ;
+----------------------------+---------------------+---------------------------+-------------+--------------+---------+-----------+------+--------------+------------------------------------------+---------------+--------------+
; |lab7                      ; 100 (0)             ; 56 (0)                    ; 0           ; 0            ; 0       ; 0         ; 22   ; 0            ; |lab7                                    ; lab7          ; work         ;
;    |Lab5_display:inst6|    ; 7 (7)               ; 0 (0)                     ; 0           ; 0            ; 0       ; 0         ; 0    ; 0            ; |lab7|Lab5_display:inst6                 ; Lab5_display  ; work         ;
;    |Lab5_display:inst7|    ; 7 (7)               ; 0 (0)                     ; 0           ; 0            ; 0       ; 0         ; 0    ; 0            ; |lab7|Lab5_display:inst7                 ; Lab5_display  ; work         ;
;    |WinLose:inst5|         ; 3 (3)               ; 0 (0)                     ; 0           ; 0            ; 0       ; 0         ; 0    ; 0            ; |lab7|WinLose:inst5                      ; WinLose       ; work         ;
;    |clock_module:inst|     ; 77 (32)             ; 50 (14)                   ; 0           ; 0            ; 0       ; 0         ; 0    ; 0            ; |lab7|clock_module:inst                  ; clock_module  ; work         ;
;       |clock_counter:cc|   ; 45 (45)             ; 36 (36)                   ; 0           ; 0            ; 0       ; 0         ; 0    ; 0            ; |lab7|clock_module:inst|clock_counter:cc ; clock_counter ; work         ;
;    |counter:inst3|         ; 3 (3)               ; 3 (3)                     ; 0           ; 0            ; 0       ; 0         ; 0    ; 0            ; |lab7|counter:inst3                      ; counter       ; work         ;
;    |counter:inst4|         ; 3 (3)               ; 3 (3)                     ; 0           ; 0            ; 0       ; 0         ; 0    ; 0            ; |lab7|counter:inst4                      ; counter       ; work         ;
+----------------------------+---------------------+---------------------------+-------------+--------------+---------+-----------+------+--------------+------------------------------------------+---------------+--------------+
Note: For table entries with two numbers listed, the numbers in parentheses indicate the number of resources of the given type used by the specific entity alone. The numbers listed outside of parentheses indicate the total resources of the given type used by the specific entity and all of its sub-entities in the hierarchy.


+------------------------------------------------------------+
; Registers Removed During Synthesis                         ;
+---------------------------------------+--------------------+
; Register name                         ; Reason for Removal ;
+---------------------------------------+--------------------+
; clock_module:inst|clk1_counter[7]     ; Lost fanout        ;
; clock_module:inst|clk2_counter[7]     ; Lost fanout        ;
; Total Number of Removed Registers = 2 ;                    ;
+---------------------------------------+--------------------+


+------------------------------------------------------+
; General Register Statistics                          ;
+----------------------------------------------+-------+
; Statistic                                    ; Value ;
+----------------------------------------------+-------+
; Total registers                              ; 56    ;
; Number of registers using Synchronous Clear  ; 16    ;
; Number of registers using Synchronous Load   ; 0     ;
; Number of registers using Asynchronous Clear ; 0     ;
; Number of registers using Asynchronous Load  ; 0     ;
; Number of registers using Clock Enable       ; 6     ;
; Number of registers using Preset             ; 0     ;
+----------------------------------------------+-------+


+---------------------------------------------------+
; Inverted Register Statistics                      ;
+-----------------------------------------+---------+
; Inverted Register                       ; Fan out ;
+-----------------------------------------+---------+
; clock_module:inst|clk1_counter[6]       ; 2       ;
; clock_module:inst|clk1_counter[3]       ; 2       ;
; clock_module:inst|clk1_counter[4]       ; 2       ;
; clock_module:inst|clk1_counter[0]       ; 3       ;
; clock_module:inst|clk2_counter[6]       ; 2       ;
; clock_module:inst|clk2_counter[3]       ; 2       ;
; clock_module:inst|clk2_counter[4]       ; 2       ;
; clock_module:inst|clk2_counter[0]       ; 3       ;
; clock_module:inst|clk1_counter[5]       ; 1       ;
; clock_module:inst|clk1_counter[2]       ; 1       ;
; clock_module:inst|clk1_counter[1]       ; 1       ;
; clock_module:inst|clk2_counter[5]       ; 1       ;
; clock_module:inst|clk2_counter[2]       ; 1       ;
; clock_module:inst|clk2_counter[1]       ; 1       ;
; Total number of inverted registers = 14 ;         ;
+-----------------------------------------+---------+


+-----------------------------------------------------+
; Post-Synthesis Netlist Statistics for Top Partition ;
+-----------------------+-----------------------------+
; Type                  ; Count                       ;
+-----------------------+-----------------------------+
; boundary_port         ; 22                          ;
; cycloneiii_ff         ; 56                          ;
;     ENA               ; 6                           ;
;     SCLR              ; 16                          ;
;     plain             ; 34                          ;
; cycloneiii_lcell_comb ; 102                         ;
;     arith             ; 39                          ;
;         2 data inputs ; 34                          ;
;         3 data inputs ; 5                           ;
;     normal            ; 63                          ;
;         1 data inputs ; 22                          ;
;         2 data inputs ; 3                           ;
;         3 data inputs ; 22                          ;
;         4 data inputs ; 16                          ;
;                       ;                             ;
; Max LUT depth         ; 3.00                        ;
; Average LUT depth     ; 1.92                        ;
+-----------------------+-----------------------------+


+-------------------------------+
; Elapsed Time Per Partition    ;
+----------------+--------------+
; Partition Name ; Elapsed Time ;
+----------------+--------------+
; Top            ; 00:00:00     ;
+----------------+--------------+


+-------------------------------+
; Analysis & Synthesis Messages ;
+-------------------------------+
Info: *******************************************************************
Info: Running Quartus Prime Analysis & Synthesis
    Info: Version 17.0.2 Build 602 07/19/2017 SJ Lite Edition
    Info: Processing started: Wed Jul 17 16:43:58 2019
Info: Command: quartus_map --read_settings_files=on --write_settings_files=off lab7 -c lab7
Warning (18236): Number of processors has not been specified which may cause overloading on shared machines.  Set the global assignment NUM_PARALLEL_PROCESSORS in your QSF to an appropriate value for best performance.
Info (20030): Parallel compilation is enabled and will use 4 of the 4 processors detected
Info (12021): Found 1 design units, including 1 entities, in source file //samba1/sbuddhar/dcengr/desktop/elen/lab6/verilog6.v
    Info (12023): Found entity 1: wire_to_bus File: //samba1/sbuddhar/dcengr/Desktop/elen/lab6/Verilog6.v Line: 1
Info (12021): Found 1 design units, including 1 entities, in source file //samba1/sbuddhar/dcengr/desktop/elen/lab6/realbustowire.v
    Info (12023): Found entity 1: realbustowire File: //samba1/sbuddhar/dcengr/Desktop/elen/lab6/realbustowire.v Line: 1
Info (12021): Found 1 design units, including 1 entities, in source file //samba1/sbuddhar/dcengr/desktop/elen/lab6/realwiretobus.v
    Info (12023): Found entity 1: realwiretobus File: //samba1/sbuddhar/dcengr/Desktop/elen/lab6/realwiretobus.v Line: 1
Info (12021): Found 1 design units, including 1 entities, in source file conv.v
    Info (12023): Found entity 1: conv File: //samba1/sbuddhar/dcengr/Desktop/elen/lab7/conv.v Line: 1
Info (12021): Found 1 design units, including 1 entities, in source file 3bcounter.v
    Info (12023): Found entity 1: counter File: //samba1/sbuddhar/dcengr/Desktop/elen/lab7/3bcounter.v Line: 1
Warning (12125): Using design file lab7.bdf, which is not specified as a design file for the current project, but contains definitions for 1 design units and 1 entities in project
    Info (12023): Found entity 1: lab7
Info (12127): Elaborating entity "lab7" for the top level hierarchy
Warning (12125): Using design file lab5_display.v, which is not specified as a design file for the current project, but contains definitions for 1 design units and 1 entities in project
    Info (12023): Found entity 1: Lab5_display File: //samba1/sbuddhar/dcengr/Desktop/elen/lab7/lab5_display.v Line: 1
Info (12128): Elaborating entity "Lab5_display" for hierarchy "Lab5_display:inst6"
Info (12128): Elaborating entity "conv" for hierarchy "conv:inst9"
Info (12128): Elaborating entity "counter" for hierarchy "counter:inst3"
Warning (10230): Verilog HDL assignment warning at 3bcounter.v(16): truncated value with size 32 to match size of target (3) File: //samba1/sbuddhar/dcengr/Desktop/elen/lab7/3bcounter.v Line: 16
Warning (10230): Verilog HDL assignment warning at 3bcounter.v(21): truncated value with size 32 to match size of target (3) File: //samba1/sbuddhar/dcengr/Desktop/elen/lab7/3bcounter.v Line: 21
Warning (12125): Using design file clock_module.v, which is not specified as a design file for the current project, but contains definitions for 1 design units and 1 entities in project
    Info (12023): Found entity 1: clock_module File: //samba1/sbuddhar/dcengr/Desktop/elen/lab7/clock_module.v Line: 1
Info (12128): Elaborating entity "clock_module" for hierarchy "clock_module:inst"
Warning (10240): Verilog HDL Always Construct warning at clock_module.v(34): inferring latch(es) for variable "clk1", which holds its previous value in one or more paths through the always construct File: //samba1/sbuddhar/dcengr/Desktop/elen/lab7/clock_module.v Line: 34
Warning (10240): Verilog HDL Always Construct warning at clock_module.v(34): inferring latch(es) for variable "clk2", which holds its previous value in one or more paths through the always construct File: //samba1/sbuddhar/dcengr/Desktop/elen/lab7/clock_module.v Line: 34
Info (10041): Inferred latch for "clk2" at clock_module.v(34) File: //samba1/sbuddhar/dcengr/Desktop/elen/lab7/clock_module.v Line: 34
Info (10041): Inferred latch for "clk1" at clock_module.v(34) File: //samba1/sbuddhar/dcengr/Desktop/elen/lab7/clock_module.v Line: 34
Warning (12125): Using design file clock_counter.v, which is not specified as a design file for the current project, but contains definitions for 1 design units and 1 entities in project
    Info (12023): Found entity 1: clock_counter File: //samba1/sbuddhar/dcengr/Desktop/elen/lab7/clock_counter.v Line: 16
Info (12128): Elaborating entity "clock_counter" for hierarchy "clock_module:inst|clock_counter:cc" File: //samba1/sbuddhar/dcengr/Desktop/elen/lab7/clock_module.v Line: 14
Warning (12125): Using design file winlose.v, which is not specified as a design file for the current project, but contains definitions for 1 design units and 1 entities in project
    Info (12023): Found entity 1: WinLose File: //samba1/sbuddhar/dcengr/Desktop/elen/lab7/winlose.v Line: 1
Info (12128): Elaborating entity "WinLose" for hierarchy "WinLose:inst5"
Warning (10240): Verilog HDL Always Construct warning at winlose.v(9): inferring latch(es) for variable "E", which holds its previous value in one or more paths through the always construct File: //samba1/sbuddhar/dcengr/Desktop/elen/lab7/winlose.v Line: 9
Warning (10240): Verilog HDL Always Construct warning at winlose.v(9): inferring latch(es) for variable "W", which holds its previous value in one or more paths through the always construct File: //samba1/sbuddhar/dcengr/Desktop/elen/lab7/winlose.v Line: 9
Warning (10240): Verilog HDL Always Construct warning at winlose.v(9): inferring latch(es) for variable "L", which holds its previous value in one or more paths through the always construct File: //samba1/sbuddhar/dcengr/Desktop/elen/lab7/winlose.v Line: 9
Info (10041): Inferred latch for "L" at winlose.v(13) File: //samba1/sbuddhar/dcengr/Desktop/elen/lab7/winlose.v Line: 13
Info (10041): Inferred latch for "W" at winlose.v(13) File: //samba1/sbuddhar/dcengr/Desktop/elen/lab7/winlose.v Line: 13
Info (10041): Inferred latch for "E" at winlose.v(13) File: //samba1/sbuddhar/dcengr/Desktop/elen/lab7/winlose.v Line: 13
Warning (14026): LATCH primitive "clock_module:inst|clk2" is permanently enabled File: //samba1/sbuddhar/dcengr/Desktop/elen/lab7/clock_module.v Line: 4
Warning (14026): LATCH primitive "clock_module:inst|clk1" is permanently enabled File: //samba1/sbuddhar/dcengr/Desktop/elen/lab7/clock_module.v Line: 3
Warning (19016): Clock multiplexers are found and protected
    Warning (19017): Found clock multiplexer clock_module:inst|clk1~0 File: //samba1/sbuddhar/dcengr/Desktop/elen/lab7/clock_module.v Line: 3
    Warning (19017): Found clock multiplexer clock_module:inst|clk2~0 File: //samba1/sbuddhar/dcengr/Desktop/elen/lab7/clock_module.v Line: 4
Info (286030): Timing-Driven Synthesis is running
Info (17049): 2 registers lost all their fanouts during netlist optimizations.
Info (16010): Generating hard_block partition "hard_block:auto_generated_inst"
    Info (16011): Adding 0 node(s), including 0 DDIO, 0 PLL, 0 transceiver and 0 LCELL
Info (21057): Implemented 124 device resources after synthesis - the final resource count might be different
    Info (21058): Implemented 6 input pins
    Info (21059): Implemented 16 output pins
    Info (21061): Implemented 102 logic cells
Info: Quartus Prime Analysis & Synthesis was successful. 0 errors, 18 warnings
    Info: Peak virtual memory: 4774 megabytes
    Info: Processing ended: Wed Jul 17 16:44:15 2019
    Info: Elapsed time: 00:00:17
    Info: Total CPU time (on all processors): 00:00:26


